This is pdfTeX, Version 3.14159265-2.6-1.40.20 (MiKTeX 2.9.7250 64-bit) (preloaded format=pdflatex 2020.2.5)  29 FEB 2020 00:26
entering extended mode
**./main.tex
(main.tex
LaTeX2e <2020-02-02>
L3 programming layer <2020-01-31> (mtconnect.cls
Document Class: mtconnect 2018/02/13 LaTeX document class for MTConnect
("C:\Users\ssingh\AppData\Local\Programs\MiKTeX 2.9\tex/latex/base\article.cls"
Document Class: article 2019/12/20 v1.4l Standard LaTeX document class
("C:\Users\ssingh\AppData\Local\Programs\MiKTeX 2.9\tex/latex/base\size12.clo"
File: size12.clo 2019/12/20 v1.4l Standard LaTeX file (size option)
)
\c@part=\count167
\c@section=\count168
\c@subsection=\count169
\c@subsubsection=\count170
\c@paragraph=\count171
\c@subparagraph=\count172
\c@figure=\count173
\c@table=\count174
\abovecaptionskip=\skip47
\belowcaptionskip=\skip48
\bibindent=\dimen134
)
("C:\Users\ssingh\AppData\Local\Programs\MiKTeX 2.9\tex/latex/base\inputenc.sty
"
Package: inputenc 2018/08/11 v1.3c Input encoding file
\inpenc@prehook=\toks14
\inpenc@posthook=\toks15
)
("C:\Users\ssingh\AppData\Local\Programs\MiKTeX 2.9\tex/latex/geometry\geometry
.sty"
Package: geometry 2020/01/02 v5.9 Page Geometry

("C:\Users\ssingh\AppData\Local\Programs\MiKTeX 2.9\tex/latex/graphics\keyval.s
ty"
Package: keyval 2014/10/28 v1.15 key=value parser (DPC)
\KV@toks@=\toks16
)
("C:\Users\ssingh\AppData\Local\Programs\MiKTeX 2.9\tex/generic/iftex\ifvtex.st
y"
Package: ifvtex 2019/10/25 v1.7 ifvtex legacy package. Use iftex instead.

("C:\Users\ssingh\AppData\Local\Programs\MiKTeX 2.9\tex/generic/iftex\iftex.sty
"
Package: iftex 2019/11/07 v1.0c TeX engine tests
))
\Gm@cnth=\count175
\Gm@cntv=\count176
\c@Gm@tempcnt=\count177
\Gm@bindingoffset=\dimen135
\Gm@wd@mp=\dimen136
\Gm@odd@mp=\dimen137
\Gm@even@mp=\dimen138
\Gm@layoutwidth=\dimen139
\Gm@layoutheight=\dimen140
\Gm@layouthoffset=\dimen141
\Gm@layoutvoffset=\dimen142
\Gm@dimlist=\toks17

("C:\Users\ssingh\AppData\Local\Programs\MiKTeX 2.9\tex/latex/geometry\geometry
.cfg"))
("C:\Users\ssingh\AppData\Local\Programs\MiKTeX 2.9\tex/latex/hyphenat\hyphenat
.sty"
Package: hyphenat 2009/09/02 v2.3c hyphenation utilities


Package hyphenat Warning: *******************************
(hyphenat)                * You have used the htt option.
(hyphenat)                * You are likely to get many Font Warning messages.
(hyphenat)                * These can usually be ignored.
(hyphenat)                *******************************.

\langwohyphens=\language78
LaTeX Info: Redefining \_ on input line 43.
)
("C:\Users\ssingh\AppData\Local\Programs\MiKTeX 2.9\tex/latex/fancyvrb\fancyvrb
.sty"
Package: fancyvrb 2020/01/13 v3.5 verbatim text (tvz,hv)
\FV@CodeLineNo=\count178
\FV@InFile=\read2
\FV@TabBox=\box45
\c@FancyVerbLine=\count179
\FV@StepNumber=\count180
\FV@OutFile=\write3
)
("C:\Users\ssingh\AppData\Local\Programs\MiKTeX 2.9\tex/latex/placeins\placeins
.sty"
Package: placeins 2005/04/18  v 2.2
)
("C:\Users\ssingh\AppData\Local\Programs\MiKTeX 2.9\tex/latex/booktabs\booktabs
.sty"
Package: booktabs 2020/01/12 v1.61803398 Publication quality tables
\heavyrulewidth=\dimen143
\lightrulewidth=\dimen144
\cmidrulewidth=\dimen145
\belowrulesep=\dimen146
\belowbottomsep=\dimen147
\aboverulesep=\dimen148
\abovetopsep=\dimen149
\cmidrulesep=\dimen150
\cmidrulekern=\dimen151
\defaultaddspace=\dimen152
\@cmidla=\count181
\@cmidlb=\count182
\@aboverulesep=\dimen153
\@belowrulesep=\dimen154
\@thisruleclass=\count183
\@lastruleclass=\count184
\@thisrulewidth=\dimen155
)
("C:\Users\ssingh\AppData\Local\Programs\MiKTeX 2.9\tex/latex/tabu\tabu.sty"
Package: tabu 2019/01/11 v2.9 - flexible LaTeX tabulars (FC+tabu-fixed)

("C:\Users\ssingh\AppData\Local\Programs\MiKTeX 2.9\tex/latex/tools\array.sty"
Package: array 2019/08/31 v2.4l Tabular extension package (FMi)
\col@sep=\dimen156
\ar@mcellbox=\box46
\extrarowheight=\dimen157
\NC@list=\toks18
\extratabsurround=\skip49
\backup@length=\skip50
\ar@cellbox=\box47
)
("C:\Users\ssingh\AppData\Local\Programs\MiKTeX 2.9\tex/latex/varwidth\varwidth
.sty"
Package: varwidth 2009/03/30 ver 0.92;  Variable-width minipages
\@vwid@box=\box48
\sift@deathcycles=\count185
\@vwid@loff=\dimen158
\@vwid@roff=\dimen159
)
\c@taburow=\count186
\tabu@nbcols=\count187
\tabu@cnt=\count188
\tabu@Xcol=\count189
\tabu@alloc=\count190
\tabu@nested=\count191
\tabu@target=\dimen160
\tabu@spreadtarget=\dimen161
\tabu@naturalX=\dimen162
\tabucolX=\dimen163
\tabu@Xsum=\dimen164
\extrarowdepth=\dimen165
\abovetabulinesep=\dimen166
\belowtabulinesep=\dimen167
\tabustrutrule=\dimen168
\tabu@thebody=\toks19
\tabu@footnotes=\toks20
\tabu@box=\box49
\tabu@arstrutbox=\box50
\tabu@hleads=\box51
\tabu@vleads=\box52
\tabu@cellskip=\skip51
)
("C:\Users\ssingh\AppData\Local\Programs\MiKTeX 2.9\tex/latex/psnfss\times.sty"
Package: times 2005/04/12 PSNFSS-v9.2a (SPQR) 
)
("C:\Users\ssingh\AppData\Local\Programs\MiKTeX 2.9\tex/latex/psnfss\mathptmx.s
ty"
Package: mathptmx 2005/04/12 PSNFSS-v9.2a Times w/ Math, improved (SPQR, WaS) 
LaTeX Font Info:    Redeclaring symbol font `operators' on input line 28.
LaTeX Font Info:    Overwriting symbol font `operators' in version `normal'
(Font)                  OT1/cmr/m/n --> OT1/ztmcm/m/n on input line 28.
LaTeX Font Info:    Overwriting symbol font `operators' in version `bold'
(Font)                  OT1/cmr/bx/n --> OT1/ztmcm/m/n on input line 28.
LaTeX Font Info:    Redeclaring symbol font `letters' on input line 29.
LaTeX Font Info:    Overwriting symbol font `letters' in version `normal'
(Font)                  OML/cmm/m/it --> OML/ztmcm/m/it on input line 29.
LaTeX Font Info:    Overwriting symbol font `letters' in version `bold'
(Font)                  OML/cmm/b/it --> OML/ztmcm/m/it on input line 29.
LaTeX Font Info:    Redeclaring symbol font `symbols' on input line 30.
LaTeX Font Info:    Overwriting symbol font `symbols' in version `normal'
(Font)                  OMS/cmsy/m/n --> OMS/ztmcm/m/n on input line 30.
LaTeX Font Info:    Overwriting symbol font `symbols' in version `bold'
(Font)                  OMS/cmsy/b/n --> OMS/ztmcm/m/n on input line 30.
LaTeX Font Info:    Redeclaring symbol font `largesymbols' on input line 31.
LaTeX Font Info:    Overwriting symbol font `largesymbols' in version `normal'
(Font)                  OMX/cmex/m/n --> OMX/ztmcm/m/n on input line 31.
LaTeX Font Info:    Overwriting symbol font `largesymbols' in version `bold'
(Font)                  OMX/cmex/m/n --> OMX/ztmcm/m/n on input line 31.
\symbold=\mathgroup4
\symitalic=\mathgroup5
LaTeX Font Info:    Redeclaring math alphabet \mathbf on input line 34.
LaTeX Font Info:    Overwriting math alphabet `\mathbf' in version `normal'
(Font)                  OT1/cmr/bx/n --> OT1/ptm/bx/n on input line 34.
LaTeX Font Info:    Overwriting math alphabet `\mathbf' in version `bold'
(Font)                  OT1/cmr/bx/n --> OT1/ptm/bx/n on input line 34.
LaTeX Font Info:    Redeclaring math alphabet \mathit on input line 35.
LaTeX Font Info:    Overwriting math alphabet `\mathit' in version `normal'
(Font)                  OT1/cmr/m/it --> OT1/ptm/m/it on input line 35.
LaTeX Font Info:    Overwriting math alphabet `\mathit' in version `bold'
(Font)                  OT1/cmr/bx/it --> OT1/ptm/m/it on input line 35.
LaTeX Info: Redefining \hbar on input line 50.
)
("C:\Users\ssingh\AppData\Local\Programs\MiKTeX 2.9\tex/generic/iftex\ifpdf.sty
"
Package: ifpdf 2019/10/25 v3.4 ifpdf legacy package. Use iftex instead.
)
("C:\Users\ssingh\AppData\Local\Programs\MiKTeX 2.9\tex/latex/stringstrings\str
ingstrings.sty"
Package: stringstrings 2015/02/02 v1.23 Extensive array of string manipulation 
routines for cosmetic and programming application

("C:\Users\ssingh\AppData\Local\Programs\MiKTeX 2.9\tex/latex/base\ifthen.sty"
Package: ifthen 2014/09/29 v1.1c Standard LaTeX ifthen package (DPC)
)
\c@@letterindex=\count192
\c@@@letterindex=\count193
\c@@@@letterindex=\count194
\c@@wordindex=\count195
\c@@iargc=\count196
\c@@gobblesize=\count197
\c@@maxrotation=\count198
\c@@stringsize=\count199
\c@@@stringsize=\count266
\c@@@@stringsize=\count267
\c@@revisedstringsize=\count268
\c@@gobbleindex=\count269
\c@@charsfound=\count270
\c@@alph=\count271
\c@@alphaindex=\count272
\c@@capstrigger=\count273
\c@@fromindex=\count274
\c@@toindex=\count275
\c@@previousindex=\count276
\c@@flag=\count277
\c@@matchloc=\count278
\c@@matchend=\count279
\c@@matchsize=\count280
\c@@matchmax=\count281
\c@@skipped=\count282
\c@@lcwords=\count283
\c@@@matchloc=\count284
) ("C:\Users\ssingh\AppData\Local\Programs\MiKTeX 2.9\tex/latex/base\fontenc.st
y"
Package: fontenc 2020/01/25 v2.0m Standard LaTeX package
LaTeX Font Info:    Trying to load font information for T1+ptm on input line 11
2.
 ("C:\Users\ssingh\AppData\Local\Programs\MiKTeX 2.9\tex/latex/psnfss\t1ptm.fd"
File: t1ptm.fd 2001/06/04 font definitions for T1/ptm.
))
("C:\Users\ssingh\AppData\Local\Programs\MiKTeX 2.9\tex/latex/underscore\unders
core.sty"
Package: underscore 2006/09/13
LaTeX Info: Redefining \_ on input line 42.
)
("C:\Users\ssingh\AppData\Local\Programs\MiKTeX 2.9\tex/latex/graphics\graphicx
.sty"
Package: graphicx 2019/11/30 v1.2a Enhanced LaTeX Graphics (DPC,SPQR)

("C:\Users\ssingh\AppData\Local\Programs\MiKTeX 2.9\tex/latex/graphics\graphics
.sty"
Package: graphics 2019/11/30 v1.4a Standard LaTeX Graphics (DPC,SPQR)

("C:\Users\ssingh\AppData\Local\Programs\MiKTeX 2.9\tex/latex/graphics\trig.sty
"
Package: trig 2016/01/03 v1.10 sin cos tan (DPC)
)
("C:\Users\ssingh\AppData\Local\Programs\MiKTeX 2.9\tex/latex/graphics-cfg\grap
hics.cfg"
File: graphics.cfg 2016/06/04 v1.11 sample graphics configuration
)
Package graphics Info: Driver file: pdftex.def on input line 105.

("C:\Users\ssingh\AppData\Local\Programs\MiKTeX 2.9\tex/latex/graphics-def\pdft
ex.def"
File: pdftex.def 2018/01/08 v1.0l Graphics/color driver for pdftex
))
\Gin@req@height=\dimen169
\Gin@req@width=\dimen170
)
("C:\Users\ssingh\AppData\Local\Programs\MiKTeX 2.9\tex/latex/fancyhdr\fancyhdr
.sty"
Package: fancyhdr 2019/01/31 v3.10 Extensive control of page headers and footer
s
\f@nch@headwidth=\skip52
\f@nch@O@elh=\skip53
\f@nch@O@erh=\skip54
\f@nch@O@olh=\skip55
\f@nch@O@orh=\skip56
\f@nch@O@elf=\skip57
\f@nch@O@erf=\skip58
\f@nch@O@olf=\skip59
\f@nch@O@orf=\skip60
) ("C:\Users\ssingh\AppData\Local\Programs\MiKTeX 2.9\tex/latex/url\url.sty"
\Urlmuskip=\muskip16
Package: url 2013/09/16  ver 3.4  Verb mode for urls, etc.
)
("C:\Users\ssingh\AppData\Local\Programs\MiKTeX 2.9\tex/latex/lineno\lineno.sty
"
Package: lineno 2005/11/02 line numbers on paragraphs v4.41
\linenopenalty=\count285
\output=\toks21
\linenoprevgraf=\count286
\linenumbersep=\dimen171
\linenumberwidth=\dimen172
\c@linenumber=\count287
\c@pagewiselinenumber=\count288
\c@LN@truepage=\count289
\c@internallinenumber=\count290
\c@internallinenumbers=\count291
\quotelinenumbersep=\dimen173
\bframerule=\dimen174
\bframesep=\dimen175
\bframebox=\box53
LaTeX Info: Redefining \\ on input line 3056.
)
("C:\Users\ssingh\AppData\Local\Programs\MiKTeX 2.9\tex/latex/etoolbox\etoolbox
.sty"
Package: etoolbox 2019/09/21 v2.5h e-TeX tools for LaTeX (JAW)
\etb@tempcnta=\count292
)
("C:\Users\ssingh\AppData\Local\Programs\MiKTeX 2.9\tex/latex/sectsty\sectsty.s
ty"
Package: sectsty 2002/02/25 v2.0.2 Commands to change all sectional heading sty
les


LaTeX Warning: Command \underbar  has changed.
               Check if current package is valid.


LaTeX Warning: Command \underline  has changed.
               Check if current package is valid.

)
("C:\Users\ssingh\AppData\Local\Programs\MiKTeX 2.9\tex/latex/xcolor\xcolor.sty
"
Package: xcolor 2016/05/11 v2.12 LaTeX color extensions (UK)

("C:\Users\ssingh\AppData\Local\Programs\MiKTeX 2.9\tex/latex/graphics-cfg\colo
r.cfg"
File: color.cfg 2016/01/02 v1.6 sample color configuration
)
Package xcolor Info: Driver file: pdftex.def on input line 225.
Package xcolor Info: Model `cmy' substituted by `cmy0' on input line 1348.
Package xcolor Info: Model `hsb' substituted by `rgb' on input line 1352.
Package xcolor Info: Model `RGB' extended on input line 1364.
Package xcolor Info: Model `HTML' substituted by `rgb' on input line 1366.
Package xcolor Info: Model `Hsb' substituted by `hsb' on input line 1367.
Package xcolor Info: Model `tHsb' substituted by `hsb' on input line 1368.
Package xcolor Info: Model `HSB' substituted by `hsb' on input line 1369.
Package xcolor Info: Model `Gray' substituted by `gray' on input line 1370.
Package xcolor Info: Model `wave' substituted by `hsb' on input line 1371.
)
("C:\Users\ssingh\AppData\Local\Programs\MiKTeX 2.9\tex/latex/colortbl\colortbl
.sty"
Package: colortbl 2020/01/04 v1.0e Color table columns (DPC)
\everycr=\toks22
\minrowclearance=\skip61
)
("C:\Users\ssingh\AppData\Local\Programs\MiKTeX 2.9\tex/latex/caption\caption.s
ty"
Package: caption 2020/01/03 v3.4h Customizing captions (AR)

("C:\Users\ssingh\AppData\Local\Programs\MiKTeX 2.9\tex/latex/caption\caption3.
sty"
Package: caption3 2020/01/03 v1.8h caption3 kernel (AR)
Package caption3 Info: TeX engine: e-TeX on input line 61.
\captionmargin=\dimen176
\captionmargin@=\dimen177
\captionwidth=\dimen178
\caption@tempdima=\dimen179
\caption@indent=\dimen180
\caption@parindent=\dimen181
\caption@hangindent=\dimen182
Package caption Info: Standard document class detected.
)
\c@caption@flags=\count293
\c@continuedfloat=\count294
)
("C:\Users\ssingh\AppData\Local\Programs\MiKTeX 2.9\tex/latex/listings\listings
.sty"
\lst@mode=\count295
\lst@gtempboxa=\box54
\lst@token=\toks23
\lst@length=\count296
\lst@currlwidth=\dimen183
\lst@column=\count297
\lst@pos=\count298
\lst@lostspace=\dimen184
\lst@width=\dimen185
\lst@newlines=\count299
\lst@lineno=\count300
\lst@maxwidth=\dimen186

("C:\Users\ssingh\AppData\Local\Programs\MiKTeX 2.9\tex/latex/listings\lstmisc.
sty"
File: lstmisc.sty 2019/09/10 1.8c (Carsten Heinz)
\c@lstnumber=\count301
\lst@skipnumbers=\count302
\lst@framebox=\box55
)
("C:\Users\ssingh\AppData\Local\Programs\MiKTeX 2.9\tex/latex/listings\listings
.cfg"
File: listings.cfg 2019/09/10 1.8c listings configuration
))
Package: listings 2019/09/10 1.8c (Carsten Heinz)

("C:\Users\ssingh\AppData\Local\Programs\MiKTeX 2.9\tex/latex/hyperref\hyperref
.sty"
Package: hyperref 2020/01/14 v7.00d Hypertext links for LaTeX

("C:\Users\ssingh\AppData\Local\Programs\MiKTeX 2.9\tex/generic/ltxcmds\ltxcmds
.sty"
Package: ltxcmds 2019/12/15 v1.24 LaTeX kernel commands for general use (HO)
)
("C:\Users\ssingh\AppData\Local\Programs\MiKTeX 2.9\tex/latex/pdftexcmds\pdftex
cmds.sty"
Package: pdftexcmds 2019/11/24 v0.31 Utility functions of pdfTeX for LuaTeX (HO
)

("C:\Users\ssingh\AppData\Local\Programs\MiKTeX 2.9\tex/generic/infwarerr\infwa
rerr.sty"
Package: infwarerr 2019/12/03 v1.5 Providing info/warning/error messages (HO)
)
Package pdftexcmds Info: \pdf@primitive is available.
Package pdftexcmds Info: \pdf@ifprimitive is available.
Package pdftexcmds Info: \pdfdraftmode found.
)
("C:\Users\ssingh\AppData\Local\Programs\MiKTeX 2.9\tex/generic/kvsetkeys\kvset
keys.sty"
Package: kvsetkeys 2019/12/15 v1.18 Key value parser (HO)
)
("C:\Users\ssingh\AppData\Local\Programs\MiKTeX 2.9\tex/generic/kvdefinekeys\kv
definekeys.sty"
Package: kvdefinekeys 2019-12-19 v1.6 Define keys (HO)
)
("C:\Users\ssingh\AppData\Local\Programs\MiKTeX 2.9\tex/generic/pdfescape\pdfes
cape.sty"
Package: pdfescape 2019/12/09 v1.15 Implements pdfTeX's escape features (HO)
)
("C:\Users\ssingh\AppData\Local\Programs\MiKTeX 2.9\tex/latex/hycolor\hycolor.s
ty"
Package: hycolor 2020-01-27 v1.10 Color options for hyperref/bookmark (HO)
)
("C:\Users\ssingh\AppData\Local\Programs\MiKTeX 2.9\tex/latex/letltxmacro\letlt
xmacro.sty"
Package: letltxmacro 2019/12/03 v1.6 Let assignment for LaTeX macros (HO)
)
("C:\Users\ssingh\AppData\Local\Programs\MiKTeX 2.9\tex/latex/auxhook\auxhook.s
ty"
Package: auxhook 2019-12-17 v1.6 Hooks for auxiliary files (HO)
)
("C:\Users\ssingh\AppData\Local\Programs\MiKTeX 2.9\tex/latex/kvoptions\kvoptio
ns.sty"
Package: kvoptions 2019/11/29 v3.13 Key value format for package options (HO)
)
\@linkdim=\dimen187
\Hy@linkcounter=\count303
\Hy@pagecounter=\count304

("C:\Users\ssingh\AppData\Local\Programs\MiKTeX 2.9\tex/latex/hyperref\pd1enc.d
ef"
File: pd1enc.def 2020/01/14 v7.00d Hyperref: PDFDocEncoding definition (HO)
Now handling font encoding PD1 ...
... no UTF-8 mapping file for font encoding PD1
)
("C:\Users\ssingh\AppData\Local\Programs\MiKTeX 2.9\tex/generic/intcalc\intcalc
.sty"
Package: intcalc 2019/12/15 v1.3 Expandable calculations with integers (HO)
)
("C:\Users\ssingh\AppData\Local\Programs\MiKTeX 2.9\tex/generic/etexcmds\etexcm
ds.sty"
Package: etexcmds 2019/12/15 v1.7 Avoid name clashes with e-TeX commands (HO)
)
\Hy@SavedSpaceFactor=\count305
\pdfmajorversion=\count306
Package hyperref Info: Hyper figures OFF on input line 4547.
Package hyperref Info: Link nesting OFF on input line 4552.
Package hyperref Info: Hyper index ON on input line 4555.
Package hyperref Info: Plain pages OFF on input line 4562.
Package hyperref Info: Backreferencing OFF on input line 4567.
Package hyperref Info: Implicit mode ON; LaTeX internals redefined.
Package hyperref Info: Bookmarks ON on input line 4800.
\c@Hy@tempcnt=\count307
LaTeX Info: Redefining \url on input line 5159.
\XeTeXLinkMargin=\dimen188

("C:\Users\ssingh\AppData\Local\Programs\MiKTeX 2.9\tex/generic/bitset\bitset.s
ty"
Package: bitset 2019/12/09 v1.3 Handle bit-vector datatype (HO)

("C:\Users\ssingh\AppData\Local\Programs\MiKTeX 2.9\tex/generic/bigintcalc\bigi
ntcalc.sty"
Package: bigintcalc 2019/12/15 v1.5 Expandable calculations on big integers (HO
)
))
\Fld@menulength=\count308
\Field@Width=\dimen189
\Fld@charsize=\dimen190
Package hyperref Info: Hyper figures OFF on input line 6430.
Package hyperref Info: Link nesting OFF on input line 6435.
Package hyperref Info: Hyper index ON on input line 6438.
Package hyperref Info: backreferencing OFF on input line 6445.
Package hyperref Info: Link coloring OFF on input line 6450.
Package hyperref Info: Link coloring with OCG OFF on input line 6455.
Package hyperref Info: PDF/A mode OFF on input line 6460.
LaTeX Info: Redefining \ref on input line 6500.
LaTeX Info: Redefining \pageref on input line 6504.

("C:\Users\ssingh\AppData\Local\Programs\MiKTeX 2.9\tex/generic/atbegshi\atbegs
hi.sty"
Package: atbegshi 2019/12/05 v1.19 At begin shipout hook (HO)
)
\Hy@abspage=\count309
\c@Item=\count310
\c@Hfootnote=\count311
)
Package hyperref Info: Driver (autodetected): hpdftex.

("C:\Users\ssingh\AppData\Local\Programs\MiKTeX 2.9\tex/latex/hyperref\hpdftex.
def"
File: hpdftex.def 2020/01/14 v7.00d Hyperref driver for pdfTeX

("C:\Users\ssingh\AppData\Local\Programs\MiKTeX 2.9\tex/latex/atveryend\atverye
nd.sty"
Package: atveryend 2019-12-11 v1.11 Hooks at the very end of document (HO)
)
\Fld@listcount=\count312
\c@bookmark@seq@number=\count313

("C:\Users\ssingh\AppData\Local\Programs\MiKTeX 2.9\tex/latex/rerunfilecheck\re
runfilecheck.sty"
Package: rerunfilecheck 2019/12/05 v1.9 Rerun checks for auxiliary files (HO)

("C:\Users\ssingh\AppData\Local\Programs\MiKTeX 2.9\tex/generic/uniquecounter\u
niquecounter.sty"
Package: uniquecounter 2019/12/15 v1.4 Provide unlimited unique counter (HO)
)
Package uniquecounter Info: New unique counter `rerunfilecheck' on input line 2
86.
)
\Hy@SectionHShift=\skip62
)
("C:\Users\ssingh\AppData\Local\Programs\MiKTeX 2.9\tex/latex/tocloft\tocloft.s
ty"
Package: tocloft 2017/08/31 v2.3i parameterised ToC, etc., typesetting
Package tocloft Info: The document has section divisions on input line 51.
\cftparskip=\skip63
\cftbeforetoctitleskip=\skip64
\cftaftertoctitleskip=\skip65
\cftbeforepartskip=\skip66
\cftpartnumwidth=\skip67
\cftpartindent=\skip68
\cftbeforesecskip=\skip69
\cftsecindent=\skip70
\cftsecnumwidth=\skip71
\cftbeforesubsecskip=\skip72
\cftsubsecindent=\skip73
\cftsubsecnumwidth=\skip74
\cftbeforesubsubsecskip=\skip75
\cftsubsubsecindent=\skip76
\cftsubsubsecnumwidth=\skip77
\cftbeforeparaskip=\skip78
\cftparaindent=\skip79
\cftparanumwidth=\skip80
\cftbeforesubparaskip=\skip81
\cftsubparaindent=\skip82
\cftsubparanumwidth=\skip83
\cftbeforeloftitleskip=\skip84
\cftafterloftitleskip=\skip85
\cftbeforefigskip=\skip86
\cftfigindent=\skip87
\cftfignumwidth=\skip88
\c@lofdepth=\count314
\c@lotdepth=\count315
\cftbeforelottitleskip=\skip89
\cftafterlottitleskip=\skip90
\cftbeforetabskip=\skip91
\cfttabindent=\skip92
\cfttabnumwidth=\skip93
)
("C:\Users\ssingh\AppData\Local\Programs\MiKTeX 2.9\tex/latex/easylist\easylist
.sty"
Package: easylist 2014/01/11 v.1.4 Numbered items with a single command.
\el@CounterTotal=\count316
\el@Scratch=\count317
\el@ControlCounter=\count318
\el@CounterLevel=\count319
\c@List1=\count320
\c@List2=\count321
\c@List3=\count322
\c@List4=\count323
\c@List5=\count324
\c@List6=\count325
\c@List7=\count326
\c@List8=\count327
\c@List9=\count328
\c@List10=\count329
\el@ProgressiveDimension=\dimen191
\el@CounterBox=\box56
\el@ControlBox=\box57
\el@TotalMargin=\dimen192
\el@LeftMove=\dimen193
)
("C:\Users\ssingh\AppData\Local\Programs\MiKTeX 2.9\tex/generic/babel\babel.sty
"
Package: babel 2020/02/03 3.39 The Babel package

("C:\Users\ssingh\AppData\Local\Programs\MiKTeX 2.9\tex/generic/babel\switch.de
f"
File: switch.def 2020/02/03 3.39 Babel switching mechanism
)
*************************************
* Local config file bblopts.cfg used
*
("C:\Users\ssingh\AppData\Local\Programs\MiKTeX 2.9\tex/latex/arabi\bblopts.cfg
"
File: bblopts.cfg 2005/09/08 v0.1 add Arabic and Farsi to "declared" options of
 babel
)
("C:\Users\ssingh\AppData\Local\Programs\MiKTeX 2.9\tex/latex/babel-english\eng
lish.ldf"
Language: english 2017/06/06 v3.3r English support from the babel system

("C:\Users\ssingh\AppData\Local\Programs\MiKTeX 2.9\tex/generic/babel\babel.def
"
File: babel.def 2020/02/03 3.39 Babel common definitions
\babel@savecnt=\count330
\U@D=\dimen194

("C:\Users\ssingh\AppData\Local\Programs\MiKTeX 2.9\tex/generic/babel\txtbabel.
def")
\bbl@readstream=\read3
\bbl@dirlevel=\count331
)
Package babel Info: \l@canadian = using hyphenrules for english
(babel)             (\language0) on input line 102.
Package babel Info: \l@australian = using hyphenrules for ukenglish
(babel)             (\language72) on input line 105.
Package babel Info: \l@newzealand = using hyphenrules for ukenglish
(babel)             (\language72) on input line 108.
))
("C:\Users\ssingh\AppData\Local\Programs\MiKTeX 2.9\tex/latex/csquotes\csquotes
.sty"
Package: csquotes 2019-12-06 v5.2j context-sensitive quotations (JAW)
\csq@reset=\count332
\csq@gtype=\count333
\csq@glevel=\count334
\csq@qlevel=\count335
\csq@maxlvl=\count336
\csq@tshold=\count337
\csq@ltx@everypar=\toks24

("C:\Users\ssingh\AppData\Local\Programs\MiKTeX 2.9\tex/latex/csquotes\csquotes
.def"
File: csquotes.def 2019-12-06 v5.2j csquotes generic definitions (JAW)
)
Package csquotes Info: Trying to load configuration file 'csquotes.cfg'...
Package csquotes Info: ... configuration file loaded successfully.

("C:\Users\ssingh\AppData\Local\Programs\MiKTeX 2.9\tex/latex/csquotes\csquotes
.cfg"
File: csquotes.cfg 
))
("C:\Users\ssingh\AppData\Local\Programs\MiKTeX 2.9\tex/latex/xstring\xstring.s
ty"
("C:\Users\ssingh\AppData\Local\Programs\MiKTeX 2.9\tex/generic/xstring\xstring
.tex"
\integerpart=\count338
\decimalpart=\count339
)
Package: xstring 2019/02/06 v1.83 String manipulations (CT)
)
("C:\Users\ssingh\AppData\Local\Programs\MiKTeX 2.9\tex/latex/siunitx\siunitx.s
ty"
("C:\Users\ssingh\AppData\Local\Programs\MiKTeX 2.9\tex/latex/l3kernel\expl3.st
y"
Package: expl3 2020-01-31 L3 programming layer (loader) 

("C:\Users\ssingh\AppData\Local\Programs\MiKTeX 2.9\tex/latex/l3backend\l3backe
nd-pdfmode.def"
File: l3backend-pdfmode.def 2019-04-06 L3 backend support: PDF mode
\l__kernel_color_stack_int=\count340
\l__pdf_internal_box=\box58
))
("C:\Users\ssingh\AppData\Local\Programs\MiKTeX 2.9\tex/latex/l3packages/xparse
\xparse.sty"
Package: xparse 2020-01-12 L3 Experimental document command parser
\l__xparse_current_arg_int=\count341
\g__xparse_grabber_int=\count342
\l__xparse_m_args_int=\count343
\l__xparse_v_nesting_int=\count344
)
Package: siunitx 2020/01/15 v2.7u A comprehensive (SI) units package

("C:\Users\ssingh\AppData\Local\Programs\MiKTeX 2.9\tex/latex/amsmath\amstext.s
ty"
Package: amstext 2000/06/29 v2.01 AMS text

("C:\Users\ssingh\AppData\Local\Programs\MiKTeX 2.9\tex/latex/amsmath\amsgen.st
y"
File: amsgen.sty 1999/11/30 v2.0 generic functions
\@emptytoks=\toks25
\ex@=\dimen195
))
("C:\Users\ssingh\AppData\Local\Programs\MiKTeX 2.9\tex/latex/l3packages/l3keys
2e\l3keys2e.sty"
Package: l3keys2e 2020-01-12 LaTeX2e option processing using LaTeX3 keys
)
\l__siunitx_tmp_box=\box59
\l__siunitx_tmp_dim=\dimen196
\l__siunitx_tmp_int=\count345
\l__siunitx_number_mantissa_length_int=\count346
\l__siunitx_number_uncert_length_int=\count347
\l__siunitx_round_int=\count348
\l__siunitx_process_decimal_int=\count349
\l__siunitx_process_uncertainty_int=\count350
\l__siunitx_process_fixed_int=\count351
\l__siunitx_process_integer_min_int=\count352
\l__siunitx_process_precision_int=\count353
\l__siunitx_group_min_int=\count354
\l__siunitx_angle_marker_box=\box60
\l__siunitx_angle_unit_box=\box61
\l__siunitx_angle_marker_dim=\dimen197
\l__siunitx_angle_unit_dim=\dimen198
\l__siunitx_unit_int=\count355
\l__siunitx_unit_denominator_int=\count356
\l__siunitx_unit_numerator_int=\count357
\l__siunitx_unit_prefix_int=\count358
\l__siunitx_unit_prefix_base_int=\count359
\l__siunitx_unit_prefix_gram_int=\count360
\l__siunitx_number_product_int=\count361
\c__siunitx_one_fill_skip=\skip94
\l__siunitx_table_unit_align_skip=\skip95
\l__siunitx_table_exponent_dim=\dimen199
\l__siunitx_table_integer_dim=\dimen256
\l__siunitx_table_mantissa_dim=\dimen257
\l__siunitx_table_marker_dim=\dimen258
\l__siunitx_table_result_dim=\dimen259
\l__siunitx_table_uncert_dim=\dimen260
\l__siunitx_table_fill_pre_dim=\dimen261
\l__siunitx_table_fill_post_dim=\dimen262
\l__siunitx_table_fill_mid_dim=\dimen263
\l__siunitx_table_pre_box=\box62
\l__siunitx_table_post_box=\box63
\l__siunitx_table_mantissa_box=\box64
\l__siunitx_table_result_box=\box65
\l__siunitx_table_number_align_skip=\skip96
\l__siunitx_table_text_align_skip=\skip97

("C:\Users\ssingh\AppData\Local\Programs\MiKTeX 2.9\tex/latex/translator\transl
ator.sty"
Package: translator 2019-05-31 v1.12a Easy translation of strings in LaTeX
))
("C:\Users\ssingh\AppData\Local\Programs\MiKTeX 2.9\tex/latex/was\upgreek.sty"
Package: upgreek 2003/02/12 v2.0 (WaS)
Package upgreek Info: Using Euler Roman for upright Greek on input line 31.
\symugrf@m=\mathgroup6
LaTeX Font Info:    Overwriting symbol font `ugrf@m' in version `bold'
(Font)                  U/eur/m/n --> U/eur/b/n on input line 38.
)
("C:\Users\ssingh\AppData\Local\Programs\MiKTeX 2.9\tex/latex/tools\longtable.s
ty"
Package: longtable 2020/01/07 v4.13 Multi-page Table package (DPC)
\LTleft=\skip98
\LTright=\skip99
\LTpre=\skip100
\LTpost=\skip101
\LTchunksize=\count362
\LTcapwidth=\dimen264
\LT@head=\box66
\LT@firsthead=\box67
\LT@foot=\box68
\LT@lastfoot=\box69
\LT@cols=\count363
\LT@rows=\count364
\c@LT@tables=\count365
\c@LT@chunks=\count366
\LT@p@ftn=\toks26
)
("C:\Users\ssingh\AppData\Local\Programs\MiKTeX 2.9\tex/latex/enumitem\enumitem
.sty"
Package: enumitem 2019/06/20 v3.9 Customized lists
\labelindent=\skip102
\enit@outerparindent=\dimen265
\enit@toks=\toks27
\enit@inbox=\box70
\enit@count@id=\count367
\enitdp@description=\count368
)
("C:\Users\ssingh\AppData\Local\Programs\MiKTeX 2.9\tex/latex/amsmath\amsmath.s
ty"
Package: amsmath 2020/01/20 v2.17e AMS math features
\@mathmargin=\skip103

For additional information on amsmath, use the `?' option.

("C:\Users\ssingh\AppData\Local\Programs\MiKTeX 2.9\tex/latex/amsmath\amsbsy.st
y"
Package: amsbsy 1999/11/29 v1.2d Bold Symbols
\pmbraise@=\dimen266
)
("C:\Users\ssingh\AppData\Local\Programs\MiKTeX 2.9\tex/latex/amsmath\amsopn.st
y"
Package: amsopn 2016/03/08 v2.02 operator names
)
\inf@bad=\count369
LaTeX Info: Redefining \frac on input line 227.
\uproot@=\count370
\leftroot@=\count371
LaTeX Info: Redefining \overline on input line 389.
\classnum@=\count372
\DOTSCASE@=\count373
LaTeX Info: Redefining \ldots on input line 486.
LaTeX Info: Redefining \dots on input line 489.
LaTeX Info: Redefining \cdots on input line 610.
\Mathstrutbox@=\box71
\strutbox@=\box72
\big@size=\dimen267
LaTeX Font Info:    Redeclaring font encoding OML on input line 733.
LaTeX Font Info:    Redeclaring font encoding OMS on input line 734.
\macc@depth=\count374
\c@MaxMatrixCols=\count375
\dotsspace@=\muskip17
\c@parentequation=\count376
\dspbrk@lvl=\count377
\tag@help=\toks28
\row@=\count378
\column@=\count379
\maxfields@=\count380
\andhelp@=\toks29
\eqnshift@=\dimen268
\alignsep@=\dimen269
\tagshift@=\dimen270
\tagwidth@=\dimen271
\totwidth@=\dimen272
\lineht@=\dimen273
\@envbody=\toks30
\multlinegap=\skip104
\multlinetaggap=\skip105
\mathdisplay@stack=\toks31
LaTeX Info: Redefining \[ on input line 2859.
LaTeX Info: Redefining \] on input line 2860.
)
("C:\Users\ssingh\AppData\Local\Programs\MiKTeX 2.9\tex/latex/amsfonts\amssymb.
sty"
Package: amssymb 2013/01/14 v3.01 AMS font symbols

("C:\Users\ssingh\AppData\Local\Programs\MiKTeX 2.9\tex/latex/amsfonts\amsfonts
.sty"
Package: amsfonts 2013/01/14 v3.01 Basic AMSFonts support
\symAMSa=\mathgroup7
\symAMSb=\mathgroup8
LaTeX Font Info:    Overwriting math alphabet `\mathfrak' in version `bold'
(Font)                  U/euf/m/n --> U/euf/b/n on input line 106.
))
("C:\Users\ssingh\AppData\Local\Programs\MiKTeX 2.9\tex/latex/ulem\ulem.sty"
\UL@box=\box73
\UL@hyphenbox=\box74
\UL@skip=\skip106
\UL@hook=\toks32
\UL@height=\dimen274
\UL@pe=\count381
\UL@pixel=\dimen275
\ULC@box=\box75
Package: ulem 2019/11/18
\ULdepth=\dimen276
)
("C:\Users\ssingh\AppData\Local\Programs\MiKTeX 2.9\tex/latex/glossaries-extra\
glossaries-extra.sty"
Package: glossaries-extra 2019/04/09 v1.41 (NLCT)

("C:\Users\ssingh\AppData\Local\Programs\MiKTeX 2.9\tex/latex/xkeyval\xkeyval.s
ty"
Package: xkeyval 2014/12/03 v2.7a package option processing (HA)

("C:\Users\ssingh\AppData\Local\Programs\MiKTeX 2.9\tex/generic/xkeyval\xkeyval
.tex"
("C:\Users\ssingh\AppData\Local\Programs\MiKTeX 2.9\tex/generic/xkeyval\xkvutil
s.tex"
\XKV@toks=\toks33
\XKV@tempa@toks=\toks34
)
\XKV@depth=\count382
File: xkeyval.tex 2014/12/03 v2.7a key=value parser (HA)
))
("C:\Users\ssingh\AppData\Local\Programs\MiKTeX 2.9\tex/latex/glossaries/base\g
lossaries.sty"
Package: glossaries 2019/12/06 v4.44 (NLCT)

("C:\Users\ssingh\AppData\Local\Programs\MiKTeX 2.9\tex/latex/mfirstuc\mfirstuc
.sty"
Package: mfirstuc 2017/11/14 v2.06 (NLCT)
\@glsmfirst=\toks35
\@glsmrest=\toks36
)
("C:\Users\ssingh\AppData\Local\Programs\MiKTeX 2.9\tex/latex/textcase\textcase
.sty"
Package: textcase 2019/09/14 v1.00 Text only upper/lower case changing (DPC)
)
("C:\Users\ssingh\AppData\Local\Programs\MiKTeX 2.9\tex/latex/xfor\xfor.sty"
Package: xfor 2009/02/05 v1.05 (NLCT)
)
("C:\Users\ssingh\AppData\Local\Programs\MiKTeX 2.9\tex/latex/datatool\datatool
-base.sty"
Package: datatool-base 2019/09/27 v2.32 (NLCT)

("C:\Users\ssingh\AppData\Local\Programs\MiKTeX 2.9\tex/latex/substr\substr.sty
"
Package: substr 2009/10/20 v1.2 Handle substrings
\c@su@anzahl=\count383
)
("C:\Users\ssingh\AppData\Local\Programs\MiKTeX 2.9\tex/latex/datatool\datatool
-fp.sty"
Package: datatool-fp 2019/09/27 v2.32 (NLCT)
 ("C:\Users\ssingh\AppData\Local\Programs\MiKTeX 2.9\tex/latex/fp\fp.sty"
Package: fp 1995/04/02
 `Fixed Point Package', Version 0.8, April 2, 1995 (C) Michael Mehlich
("C:\Users\ssingh\AppData\Local\Programs\MiKTeX 2.9\tex/latex/fp\defpattern.sty
"
Package: defpattern 1994/10/12
\actioncount=\count384
) ("C:\Users\ssingh\AppData\Local\Programs\MiKTeX 2.9\tex/latex/fp\fp-basic.sty
"
Package: fp-basic 1996/05/13
\FP@xs=\count385
\FP@xia=\count386
\FP@xib=\count387
\FP@xfa=\count388
\FP@xfb=\count389
\FP@rega=\count390
\FP@regb=\count391
\FP@regs=\count392
\FP@times=\count393
)
("C:\Users\ssingh\AppData\Local\Programs\MiKTeX 2.9\tex/latex/fp\fp-addons.sty"
Package: fp-addons 1995/03/15
) ("C:\Users\ssingh\AppData\Local\Programs\MiKTeX 2.9\tex/latex/fp\fp-snap.sty"
Package: fp-snap 1995/04/05
) ("C:\Users\ssingh\AppData\Local\Programs\MiKTeX 2.9\tex/latex/fp\fp-exp.sty"
Package: fp-exp 1995/04/03
) ("C:\Users\ssingh\AppData\Local\Programs\MiKTeX 2.9\tex/latex/fp\fp-trigo.sty
"
Package: fp-trigo 1995/04/14
) ("C:\Users\ssingh\AppData\Local\Programs\MiKTeX 2.9\tex/latex/fp\fp-pas.sty"
Package: fp-pas 1994/08/29
) ("C:\Users\ssingh\AppData\Local\Programs\MiKTeX 2.9\tex/latex/fp\fp-random.st
y"
Package: fp-random 1995/02/23
\FPseed=\count394
) ("C:\Users\ssingh\AppData\Local\Programs\MiKTeX 2.9\tex/latex/fp\fp-eqn.sty"
Package: fp-eqn 1995/04/03
) ("C:\Users\ssingh\AppData\Local\Programs\MiKTeX 2.9\tex/latex/fp\fp-upn.sty"
Package: fp-upn 1996/10/21
) ("C:\Users\ssingh\AppData\Local\Programs\MiKTeX 2.9\tex/latex/fp\fp-eval.sty"
Package: fp-eval 1995/04/03
)))
\@dtl@toks=\toks37
\@dtl@tmpcount=\count395
\dtl@tmplength=\skip107
\dtl@sortresult=\count396
\@dtl@numgrpsepcount=\count397
\@dtl@datatype=\count398
\dtl@codeA=\count399
\dtl@codeB=\count400
\@dtl@foreach@level=\count401
)
("C:\Users\ssingh\AppData\Local\Programs\MiKTeX 2.9\tex/latex/glossaries/base\g
lossaries-compatible-307.sty"
Package: glossaries-compatible-307 2019/12/06 v4.44 (NLCT)
)
("C:\Users\ssingh\AppData\Local\Programs\MiKTeX 2.9\tex/latex/tracklang\trackla
ng.sty"
Package: tracklang 2019/11/30 v1.4 (NLCT) Track Languages

("C:\Users\ssingh\AppData\Local\Programs\MiKTeX 2.9\tex/generic/tracklang\track
lang.tex"))
("C:\Users\ssingh\AppData\Local\Programs\MiKTeX 2.9\tex/latex/glossaries-englis
h\glossaries-english.ldf"
File: glossaries-english.ldf 2014/11/23 v1.0
)
\gls@level=\count402
\@gls@tmpb=\toks38
\gls@tmplen=\skip108
\glskeylisttok=\toks39
\glslabeltok=\toks40
\glsshorttok=\toks41
\glslongtok=\toks42

("C:\Users\ssingh\AppData\Local\Programs\MiKTeX 2.9\tex/latex/glossaries/styles
\glossary-hypernav.sty"
Package: glossary-hypernav 2019/12/06 v4.44 (NLCT)
)
("C:\Users\ssingh\AppData\Local\Programs\MiKTeX 2.9\tex/latex/glossaries/styles
\glossary-list.sty"
Package: glossary-list 2019/12/06 v4.44 (NLCT)
\glslistdottedwidth=\skip109
)
("C:\Users\ssingh\AppData\Local\Programs\MiKTeX 2.9\tex/latex/glossaries/styles
\glossary-long.sty"
Package: glossary-long 2019/12/06 v4.44 (NLCT)
\glsdescwidth=\skip110
\glspagelistwidth=\skip111
)
("C:\Users\ssingh\AppData\Local\Programs\MiKTeX 2.9\tex/latex/glossaries/styles
\glossary-super.sty"
Package: glossary-super 2019/12/06 v4.44 (NLCT)

("C:\Users\ssingh\AppData\Local\Programs\MiKTeX 2.9\tex/latex/supertabular\supe
rtabular.sty"
Package: supertabular 2020/02/02 v4.1g the supertabular environment
\c@tracingst=\count403
\ST@wd=\dimen277
\ST@rightskip=\skip112
\ST@leftskip=\skip113
\ST@parfillskip=\skip114
\ST@pageleft=\dimen278
\ST@headht=\dimen279
\ST@tailht=\dimen280
\ST@pagesofar=\dimen281
\ST@pboxht=\dimen282
\ST@lineht=\dimen283
\ST@prevht=\dimen284
\ST@toadd=\dimen285
\ST@dimen=\dimen286
\ST@pbox=\box76
))
("C:\Users\ssingh\AppData\Local\Programs\MiKTeX 2.9\tex/latex/glossaries/styles
\glossary-tree.sty"
Package: glossary-tree 2019/12/06 v4.44 (NLCT)
\glstreeindent=\skip115
))
\glsxtrresourcecount=\count404
\@glsxtrnewgls@inner=\count405
\glsshortpltok=\toks43
\glslongpltok=\toks44
)
("C:\Users\ssingh\AppData\Local\Programs\MiKTeX 2.9\tex/latex/mdframed\mdframed
.sty"
Package: mdframed 2013/07/01 1.9b: mdframed

("C:\Users\ssingh\AppData\Local\Programs\MiKTeX 2.9\tex/latex/zref\zref-abspage
.sty"
Package: zref-abspage 2019/11/29 v2.28 Module abspage for zref (HO)

("C:\Users\ssingh\AppData\Local\Programs\MiKTeX 2.9\tex/latex/zref\zref-base.st
y"
Package: zref-base 2019/11/29 v2.28 Module base for zref (HO)
Package zref Info: New property list: main on input line 763.
Package zref Info: New property: default on input line 764.
Package zref Info: New property: page on input line 765.
)
\c@abspage=\count406
Package zref Info: New property: abspage on input line 66.
)
("C:\Users\ssingh\AppData\Local\Programs\MiKTeX 2.9\tex/latex/needspace\needspa
ce.sty"
Package: needspace 2010/09/12 v1.3d reserve vertical space
)
\mdf@templength=\skip116
\c@mdf@globalstyle@cnt=\count407
\mdf@skipabove@length=\skip117
\mdf@skipbelow@length=\skip118
\mdf@leftmargin@length=\skip119
\mdf@rightmargin@length=\skip120
\mdf@innerleftmargin@length=\skip121
\mdf@innerrightmargin@length=\skip122
\mdf@innertopmargin@length=\skip123
\mdf@innerbottommargin@length=\skip124
\mdf@splittopskip@length=\skip125
\mdf@splitbottomskip@length=\skip126
\mdf@outermargin@length=\skip127
\mdf@innermargin@length=\skip128
\mdf@linewidth@length=\skip129
\mdf@innerlinewidth@length=\skip130
\mdf@middlelinewidth@length=\skip131
\mdf@outerlinewidth@length=\skip132
\mdf@roundcorner@length=\skip133
\mdf@footenotedistance@length=\skip134
\mdf@userdefinedwidth@length=\skip135
\mdf@needspace@length=\skip136
\mdf@frametitleaboveskip@length=\skip137
\mdf@frametitlebelowskip@length=\skip138
\mdf@frametitlerulewidth@length=\skip139
\mdf@frametitleleftmargin@length=\skip140
\mdf@frametitlerightmargin@length=\skip141
\mdf@shadowsize@length=\skip142
\mdf@extratopheight@length=\skip143
\mdf@subtitleabovelinewidth@length=\skip144
\mdf@subtitlebelowlinewidth@length=\skip145
\mdf@subtitleaboveskip@length=\skip146
\mdf@subtitlebelowskip@length=\skip147
\mdf@subtitleinneraboveskip@length=\skip148
\mdf@subtitleinnerbelowskip@length=\skip149
\mdf@subsubtitleabovelinewidth@length=\skip150
\mdf@subsubtitlebelowlinewidth@length=\skip151
\mdf@subsubtitleaboveskip@length=\skip152
\mdf@subsubtitlebelowskip@length=\skip153
\mdf@subsubtitleinneraboveskip@length=\skip154
\mdf@subsubtitleinnerbelowskip@length=\skip155

("C:\Users\ssingh\AppData\Local\Programs\MiKTeX 2.9\tex/latex/mdframed\md-frame
-0.mdf"
File: md-frame-0.mdf 2013/07/01\ 1.9b: md-frame-0
)
\mdf@frametitlebox=\box77
\mdf@footnotebox=\box78
\mdf@splitbox@one=\box79
\mdf@splitbox@two=\box80
\mdf@splitbox@save=\box81
\mdfsplitboxwidth=\skip156
\mdfsplitboxtotalwidth=\skip157
\mdfsplitboxheight=\skip158
\mdfsplitboxdepth=\skip159
\mdfsplitboxtotalheight=\skip160
\mdfframetitleboxwidth=\skip161
\mdfframetitleboxtotalwidth=\skip162
\mdfframetitleboxheight=\skip163
\mdfframetitleboxdepth=\skip164
\mdfframetitleboxtotalheight=\skip165
\mdffootnoteboxwidth=\skip166
\mdffootnoteboxtotalwidth=\skip167
\mdffootnoteboxheight=\skip168
\mdffootnoteboxdepth=\skip169
\mdffootnoteboxtotalheight=\skip170
\mdftotallinewidth=\skip171
\mdfboundingboxwidth=\skip172
\mdfboundingboxtotalwidth=\skip173
\mdfboundingboxheight=\skip174
\mdfboundingboxdepth=\skip175
\mdfboundingboxtotalheight=\skip176
\mdf@freevspace@length=\skip177
\mdf@horizontalwidthofbox@length=\skip178
\mdf@verticalmarginwhole@length=\skip179
\mdf@horizontalspaceofbox=\skip180
\mdfsubtitleheight=\skip181
\mdfsubsubtitleheight=\skip182
\c@mdfcountframes=\count408

****** mdframed patching \endmdf@trivlist

****** -- success******

\mdf@envdepth=\count409
\c@mdf@env@i=\count410
\c@mdf@env@ii=\count411
\c@mdf@zref@counter=\count412
Package zref Info: New property: mdf@pagevalue on input line 895.
)
("C:\Users\ssingh\AppData\Local\Programs\MiKTeX 2.9\tex/latex/hyperref\nameref.
sty"
Package: nameref 2019/09/16 v2.46 Cross-referencing by name of section

("C:\Users\ssingh\AppData\Local\Programs\MiKTeX 2.9\tex/latex/refcount\refcount
.sty"
Package: refcount 2019/12/15 v3.6 Data extraction from label references (HO)
)
("C:\Users\ssingh\AppData\Local\Programs\MiKTeX 2.9\tex/generic/gettitlestring\
gettitlestring.sty"
Package: gettitlestring 2019/12/15 v1.6 Cleanup title references (HO)
)
\c@section@level=\count413
)
("C:\Users\ssingh\AppData\Local\Programs\MiKTeX 2.9\tex/latex/appendix\appendix
.sty"
Package: appendix 2009/09/02 v1.2b extra appendix facilities
\c@@pps=\count414
\c@@ppsavesec=\count415
\c@@ppsaveapp=\count416
)
("C:\Users\ssingh\AppData\Local\Programs\MiKTeX 2.9\tex/latex/hanging\hanging.s
ty"
Package: hanging 2009/09/02 v1.2b hanging paragraphs and punctuation
\h@ngcommawd=\skip183
\h@ngfstopwd=\skip184
\h@ngquotewd=\skip185
\h@ngdquotewd=\skip186
\h@ngquerywd=\skip187
\h@ngexclwd=\skip188
\h@ngcolonwd=\skip189
\h@ngscolonwd=\skip190
)
("C:\Users\ssingh\AppData\Local\Programs\MiKTeX 2.9\tex/latex/titlesec\titlesec
.sty"
Package: titlesec 2019/10/16 v2.13 Sectioning titles
\ttl@box=\box82
\beforetitleunit=\skip191
\aftertitleunit=\skip192
\ttl@plus=\dimen287
\ttl@minus=\dimen288
\ttl@toksa=\toks45
\titlewidth=\dimen289
\titlewidthlast=\dimen290
\titlewidthfirst=\dimen291
)
("C:\Users\ssingh\AppData\Local\Programs\MiKTeX 2.9\tex/latex/biblatex\biblatex
.sty"
Package: biblatex 2019/12/01 v3.14 programmable bibliographies (PK/MW)

("C:\Users\ssingh\AppData\Local\Programs\MiKTeX 2.9\tex/latex/logreq\logreq.sty
"
Package: logreq 2010/08/04 v1.0 xml request logger
\lrq@indent=\count417

("C:\Users\ssingh\AppData\Local\Programs\MiKTeX 2.9\tex/latex/logreq\logreq.def
"
File: logreq.def 2010/08/04 v1.0 logreq spec v1.0
))
\c@tabx@nest=\count418
\c@listtotal=\count419
\c@listcount=\count420
\c@liststart=\count421
\c@liststop=\count422
\c@citecount=\count423
\c@citetotal=\count424
\c@multicitecount=\count425
\c@multicitetotal=\count426
\c@instcount=\count427
\c@maxnames=\count428
\c@minnames=\count429
\c@maxitems=\count430
\c@minitems=\count431
\c@citecounter=\count432
\c@maxcitecounter=\count433
\c@savedcitecounter=\count434
\c@uniquelist=\count435
\c@uniquename=\count436
\c@refsection=\count437
\c@refsegment=\count438
\c@maxextratitle=\count439
\c@maxextratitleyear=\count440
\c@maxextraname=\count441
\c@maxextradate=\count442
\c@maxextraalpha=\count443
\c@abbrvpenalty=\count444
\c@highnamepenalty=\count445
\c@lownamepenalty=\count446
\c@maxparens=\count447
\c@parenlevel=\count448
\blx@tempcnta=\count449
\blx@tempcntb=\count450
\blx@tempcntc=\count451
\blx@maxsection=\count452
\blx@maxsegment@0=\count453
\blx@notetype=\count454
\blx@parenlevel@text=\count455
\blx@parenlevel@foot=\count456
\blx@sectionciteorder@0=\count457
\blx@entrysetcounter=\count458
\labelnumberwidth=\skip193
\labelalphawidth=\skip194
\biblabelsep=\skip195
\bibitemsep=\skip196
\bibnamesep=\skip197
\bibinitsep=\skip198
\bibparsep=\skip199
\bibhang=\skip256
\blx@bcfin=\read4
\blx@bcfout=\write4
\blx@langwohyphens=\language79
\c@mincomprange=\count459
\c@maxcomprange=\count460
\c@mincompwidth=\count461
Package biblatex Info: Trying to load biblatex default data model...
Package biblatex Info: ... file 'blx-dm.def' found.

("C:\Users\ssingh\AppData\Local\Programs\MiKTeX 2.9\tex/latex/biblatex\blx-dm.d
ef"
File: blx-dm.def 2019/12/01 v3.14 biblatex localization (PK/MW)
)
Package biblatex Info: Trying to load biblatex style data model...
Package biblatex Info: ... file 'alphabetic.dbx' not found.
Package biblatex Info: Trying to load biblatex custom data model...
Package biblatex Info: ... file 'biblatex-dm.cfg' not found.
\c@afterword=\count462
\c@savedafterword=\count463
\c@annotator=\count464
\c@savedannotator=\count465
\c@author=\count466
\c@savedauthor=\count467
\c@bookauthor=\count468
\c@savedbookauthor=\count469
\c@commentator=\count470
\c@savedcommentator=\count471
\c@editor=\count472
\c@savededitor=\count473
\c@editora=\count474
\c@savededitora=\count475
\c@editorb=\count476
\c@savededitorb=\count477
\c@editorc=\count478
\c@savededitorc=\count479
\c@foreword=\count480
\c@savedforeword=\count481
\c@holder=\count482
\c@savedholder=\count483
\c@introduction=\count484
\c@savedintroduction=\count485
\c@namea=\count486
\c@savednamea=\count487
\c@nameb=\count488
\c@savednameb=\count489
\c@namec=\count490
\c@savednamec=\count491
\c@translator=\count492
\c@savedtranslator=\count493
\c@shortauthor=\count494
\c@savedshortauthor=\count495
\c@shorteditor=\count496
\c@savedshorteditor=\count497
\c@labelname=\count498
\c@savedlabelname=\count499
\c@institution=\count500
\c@savedinstitution=\count501
\c@lista=\count502
\c@savedlista=\count503
\c@listb=\count504
\c@savedlistb=\count505
\c@listc=\count506
\c@savedlistc=\count507
\c@listd=\count508
\c@savedlistd=\count509
\c@liste=\count510
\c@savedliste=\count511
\c@listf=\count512
\c@savedlistf=\count513
\c@location=\count514
\c@savedlocation=\count515
\c@organization=\count516
\c@savedorganization=\count517
\c@origlocation=\count518
\c@savedoriglocation=\count519
\c@origpublisher=\count520
\c@savedorigpublisher=\count521
\c@publisher=\count522
\c@savedpublisher=\count523
\c@language=\count524
\c@savedlanguage=\count525
\c@origlanguage=\count526
\c@savedoriglanguage=\count527
\c@pageref=\count528
\c@savedpageref=\count529
\shorthandwidth=\skip257
\shortjournalwidth=\skip258
\shortserieswidth=\skip259
\shorttitlewidth=\skip260
\shortauthorwidth=\skip261
\shorteditorwidth=\skip262
\locallabelnumberwidth=\skip263
\locallabelalphawidth=\skip264
\localshorthandwidth=\skip265
\localshortjournalwidth=\skip266
\localshortserieswidth=\skip267
\localshorttitlewidth=\skip268
\localshortauthorwidth=\skip269
\localshorteditorwidth=\skip270
Package biblatex Info: Trying to load compatibility code...
Package biblatex Info: ... file 'blx-compat.def' found.

("C:\Users\ssingh\AppData\Local\Programs\MiKTeX 2.9\tex/latex/biblatex\blx-comp
at.def"
File: blx-compat.def 2019/12/01 v3.14 biblatex compatibility (PK/MW)
)
Package biblatex Info: Trying to load generic definitions...
Package biblatex Info: ... file 'biblatex.def' found.

("C:\Users\ssingh\AppData\Local\Programs\MiKTeX 2.9\tex/latex/biblatex\biblatex
.def"
File: biblatex.def 2019/12/01 v3.14 biblatex compatibility (PK/MW)
\c@textcitecount=\count530
\c@textcitetotal=\count531
\c@textcitemaxnames=\count532
\c@biburlbigbreakpenalty=\count533
\c@biburlbreakpenalty=\count534
\c@biburlnumpenalty=\count535
\c@biburlucpenalty=\count536
\c@biburllcpenalty=\count537
\biburlbigskip=\muskip18
\biburlnumskip=\muskip19
\biburlucskip=\muskip20
\biburllcskip=\muskip21
\c@smartand=\count538
)
Package biblatex Info: Trying to load bibliography style 'alphabetic'...
Package biblatex Info: ... file 'alphabetic.bbx' found.

("C:\Users\ssingh\AppData\Local\Programs\MiKTeX 2.9\tex/latex/biblatex/bbx\alph
abetic.bbx"
File: alphabetic.bbx 2019/12/01 v3.14 biblatex bibliography style (PK/MW)
Package biblatex Info: Trying to load bibliography style 'standard'...
Package biblatex Info: ... file 'standard.bbx' found.

("C:\Users\ssingh\AppData\Local\Programs\MiKTeX 2.9\tex/latex/biblatex/bbx\stan
dard.bbx"
File: standard.bbx 2019/12/01 v3.14 biblatex bibliography style (PK/MW)
\c@bbx:relatedcount=\count539
\c@bbx:relatedtotal=\count540
))
Package biblatex Info: Trying to load citation style 'alphabetic'...
Package biblatex Info: ... file 'alphabetic.cbx' found.

("C:\Users\ssingh\AppData\Local\Programs\MiKTeX 2.9\tex/latex/biblatex/cbx\alph
abetic.cbx"
File: alphabetic.cbx 2019/12/01 v3.14 biblatex citation style (PK/MW)
Package biblatex Info: Redefining '\cite'.
Package biblatex Info: Redefining '\parencite'.
Package biblatex Info: Redefining '\footcite'.
Package biblatex Info: Redefining '\footcitetext'.
Package biblatex Info: Redefining '\smartcite'.
Package biblatex Info: Redefining '\textcite'.
Package biblatex Info: Redefining '\textcites'.
Package biblatex Info: Redefining '\cites'.
Package biblatex Info: Redefining '\parencites'.
Package biblatex Info: Redefining '\smartcites'.
)
Package biblatex Info: Trying to load configuration file...
Package biblatex Info: ... file 'biblatex.cfg' found.

("C:\Users\ssingh\AppData\Local\Programs\MiKTeX 2.9\tex/latex/biblatex\biblatex
.cfg"
File: biblatex.cfg 
))
\glswrite=\write5
\glo@main@file=\write6
\openout6 = `main.glo'.

Package glossaries Info: Writing glossary file main.glo on input line 350.
\glo@acronym@file=\write7
\openout7 = `main.acn'.

Package glossaries Info: Writing glossary file main.acn on input line 350.
\glo@abbreviations@file=\write8
\openout8 = `main.glo-abr'.

Package glossaries Info: Writing glossary file main.glo-abr on input line 350.
\glo@mtc@file=\write9
\openout9 = `main.mtc-glo'.

Package glossaries Info: Writing glossary file main.mtc-glo on input line 350.
 (sty/tikz-uml.sty

LaTeX Warning: You have requested package `sty/tikz-uml',
               but the package provides `tikz-uml'.

Package: tikz-uml 2011/01/26

("C:\Users\ssingh\AppData\Local\Programs\MiKTeX 2.9\tex/latex/pgf/frontendlayer
\tikz.sty"
("C:\Users\ssingh\AppData\Local\Programs\MiKTeX 2.9\tex/latex/pgf/basiclayer\pg
f.sty"
("C:\Users\ssingh\AppData\Local\Programs\MiKTeX 2.9\tex/latex/pgf/utilities\pgf
rcs.sty"
("C:\Users\ssingh\AppData\Local\Programs\MiKTeX 2.9\tex/generic/pgf/utilities\p
gfutil-common.tex"
\pgfutil@everybye=\toks46
\pgfutil@tempdima=\dimen292
\pgfutil@tempdimb=\dimen293

("C:\Users\ssingh\AppData\Local\Programs\MiKTeX 2.9\tex/generic/pgf/utilities\p
gfutil-common-lists.tex"))
("C:\Users\ssingh\AppData\Local\Programs\MiKTeX 2.9\tex/generic/pgf/utilities\p
gfutil-latex.def"
\pgfutil@abb=\box83

("C:\Users\ssingh\AppData\Local\Programs\MiKTeX 2.9\tex/latex/ms\everyshi.sty"
Package: everyshi 2001/05/15 v3.00 EveryShipout Package (MS)
))
("C:\Users\ssingh\AppData\Local\Programs\MiKTeX 2.9\tex/generic/pgf/utilities\p
gfrcs.code.tex"
("C:\Users\ssingh\AppData\Local\Programs\MiKTeX 2.9\tex/generic/pgf\pgf.revisio
n.tex")
Package: pgfrcs 2020/01/08 v3.1.5b (3.1.5b)
))
Package: pgf 2020/01/08 v3.1.5b (3.1.5b)

("C:\Users\ssingh\AppData\Local\Programs\MiKTeX 2.9\tex/latex/pgf/basiclayer\pg
fcore.sty"
("C:\Users\ssingh\AppData\Local\Programs\MiKTeX 2.9\tex/latex/pgf/systemlayer\p
gfsys.sty"
("C:\Users\ssingh\AppData\Local\Programs\MiKTeX 2.9\tex/generic/pgf/systemlayer
\pgfsys.code.tex"
Package: pgfsys 2020/01/08 v3.1.5b (3.1.5b)

("C:\Users\ssingh\AppData\Local\Programs\MiKTeX 2.9\tex/generic/pgf/utilities\p
gfkeys.code.tex"
\pgfkeys@pathtoks=\toks47
\pgfkeys@temptoks=\toks48

("C:\Users\ssingh\AppData\Local\Programs\MiKTeX 2.9\tex/generic/pgf/utilities\p
gfkeysfiltered.code.tex"
\pgfkeys@tmptoks=\toks49
))
\pgf@x=\dimen294
\pgf@y=\dimen295
\pgf@xa=\dimen296
\pgf@ya=\dimen297
\pgf@xb=\dimen298
\pgf@yb=\dimen299
\pgf@xc=\dimen300
\pgf@yc=\dimen301
\pgf@xd=\dimen302
\pgf@yd=\dimen303
\w@pgf@writea=\write10
\r@pgf@reada=\read5
\c@pgf@counta=\count541
\c@pgf@countb=\count542
\c@pgf@countc=\count543
\c@pgf@countd=\count544
\t@pgf@toka=\toks50
\t@pgf@tokb=\toks51
\t@pgf@tokc=\toks52
\pgf@sys@id@count=\count545

("C:\Users\ssingh\AppData\Local\Programs\MiKTeX 2.9\tex/generic/pgf/systemlayer
\pgf.cfg"
File: pgf.cfg 2020/01/08 v3.1.5b (3.1.5b)
)
Driver file for pgf: pgfsys-pdftex.def

("C:\Users\ssingh\AppData\Local\Programs\MiKTeX 2.9\tex/generic/pgf/systemlayer
\pgfsys-pdftex.def"
File: pgfsys-pdftex.def 2020/01/08 v3.1.5b (3.1.5b)

("C:\Users\ssingh\AppData\Local\Programs\MiKTeX 2.9\tex/generic/pgf/systemlayer
\pgfsys-common-pdf.def"
File: pgfsys-common-pdf.def 2020/01/08 v3.1.5b (3.1.5b)
)))
("C:\Users\ssingh\AppData\Local\Programs\MiKTeX 2.9\tex/generic/pgf/systemlayer
\pgfsyssoftpath.code.tex"
File: pgfsyssoftpath.code.tex 2020/01/08 v3.1.5b (3.1.5b)
\pgfsyssoftpath@smallbuffer@items=\count546
\pgfsyssoftpath@bigbuffer@items=\count547
)
("C:\Users\ssingh\AppData\Local\Programs\MiKTeX 2.9\tex/generic/pgf/systemlayer
\pgfsysprotocol.code.tex"
File: pgfsysprotocol.code.tex 2020/01/08 v3.1.5b (3.1.5b)
))
("C:\Users\ssingh\AppData\Local\Programs\MiKTeX 2.9\tex/generic/pgf/basiclayer\
pgfcore.code.tex"
Package: pgfcore 2020/01/08 v3.1.5b (3.1.5b)

("C:\Users\ssingh\AppData\Local\Programs\MiKTeX 2.9\tex/generic/pgf/math\pgfmat
h.code.tex"
("C:\Users\ssingh\AppData\Local\Programs\MiKTeX 2.9\tex/generic/pgf/math\pgfmat
hcalc.code.tex"
("C:\Users\ssingh\AppData\Local\Programs\MiKTeX 2.9\tex/generic/pgf/math\pgfmat
hutil.code.tex")
("C:\Users\ssingh\AppData\Local\Programs\MiKTeX 2.9\tex/generic/pgf/math\pgfmat
hparser.code.tex"
\pgfmath@dimen=\dimen304
\pgfmath@count=\count548
\pgfmath@box=\box84
\pgfmath@toks=\toks53
\pgfmath@stack@operand=\toks54
\pgfmath@stack@operation=\toks55
)
("C:\Users\ssingh\AppData\Local\Programs\MiKTeX 2.9\tex/generic/pgf/math\pgfmat
hfunctions.code.tex"
("C:\Users\ssingh\AppData\Local\Programs\MiKTeX 2.9\tex/generic/pgf/math\pgfmat
hfunctions.basic.code.tex")
("C:\Users\ssingh\AppData\Local\Programs\MiKTeX 2.9\tex/generic/pgf/math\pgfmat
hfunctions.trigonometric.code.tex")
("C:\Users\ssingh\AppData\Local\Programs\MiKTeX 2.9\tex/generic/pgf/math\pgfmat
hfunctions.random.code.tex")
("C:\Users\ssingh\AppData\Local\Programs\MiKTeX 2.9\tex/generic/pgf/math\pgfmat
hfunctions.comparison.code.tex")
("C:\Users\ssingh\AppData\Local\Programs\MiKTeX 2.9\tex/generic/pgf/math\pgfmat
hfunctions.base.code.tex")
("C:\Users\ssingh\AppData\Local\Programs\MiKTeX 2.9\tex/generic/pgf/math\pgfmat
hfunctions.round.code.tex")
("C:\Users\ssingh\AppData\Local\Programs\MiKTeX 2.9\tex/generic/pgf/math\pgfmat
hfunctions.misc.code.tex")
("C:\Users\ssingh\AppData\Local\Programs\MiKTeX 2.9\tex/generic/pgf/math\pgfmat
hfunctions.integerarithmetics.code.tex")))
("C:\Users\ssingh\AppData\Local\Programs\MiKTeX 2.9\tex/generic/pgf/math\pgfmat
hfloat.code.tex"
\c@pgfmathroundto@lastzeros=\count549
))
("C:\Users\ssingh\AppData\Local\Programs\MiKTeX 2.9\tex/generic/pgf/math\pgfint
.code.tex")
("C:\Users\ssingh\AppData\Local\Programs\MiKTeX 2.9\tex/generic/pgf/basiclayer\
pgfcorepoints.code.tex"
File: pgfcorepoints.code.tex 2020/01/08 v3.1.5b (3.1.5b)
\pgf@picminx=\dimen305
\pgf@picmaxx=\dimen306
\pgf@picminy=\dimen307
\pgf@picmaxy=\dimen308
\pgf@pathminx=\dimen309
\pgf@pathmaxx=\dimen310
\pgf@pathminy=\dimen311
\pgf@pathmaxy=\dimen312
\pgf@xx=\dimen313
\pgf@xy=\dimen314
\pgf@yx=\dimen315
\pgf@yy=\dimen316
\pgf@zx=\dimen317
\pgf@zy=\dimen318
)
("C:\Users\ssingh\AppData\Local\Programs\MiKTeX 2.9\tex/generic/pgf/basiclayer\
pgfcorepathconstruct.code.tex"
File: pgfcorepathconstruct.code.tex 2020/01/08 v3.1.5b (3.1.5b)
\pgf@path@lastx=\dimen319
\pgf@path@lasty=\dimen320
)
("C:\Users\ssingh\AppData\Local\Programs\MiKTeX 2.9\tex/generic/pgf/basiclayer\
pgfcorepathusage.code.tex"
File: pgfcorepathusage.code.tex 2020/01/08 v3.1.5b (3.1.5b)
\pgf@shorten@end@additional=\dimen321
\pgf@shorten@start@additional=\dimen322
)
("C:\Users\ssingh\AppData\Local\Programs\MiKTeX 2.9\tex/generic/pgf/basiclayer\
pgfcorescopes.code.tex"
File: pgfcorescopes.code.tex 2020/01/08 v3.1.5b (3.1.5b)
\pgfpic=\box85
\pgf@hbox=\box86
\pgf@layerbox@main=\box87
\pgf@picture@serial@count=\count550
)
("C:\Users\ssingh\AppData\Local\Programs\MiKTeX 2.9\tex/generic/pgf/basiclayer\
pgfcoregraphicstate.code.tex"
File: pgfcoregraphicstate.code.tex 2020/01/08 v3.1.5b (3.1.5b)
\pgflinewidth=\dimen323
)
("C:\Users\ssingh\AppData\Local\Programs\MiKTeX 2.9\tex/generic/pgf/basiclayer\
pgfcoretransformations.code.tex"
File: pgfcoretransformations.code.tex 2020/01/08 v3.1.5b (3.1.5b)
\pgf@pt@x=\dimen324
\pgf@pt@y=\dimen325
\pgf@pt@temp=\dimen326
)
("C:\Users\ssingh\AppData\Local\Programs\MiKTeX 2.9\tex/generic/pgf/basiclayer\
pgfcorequick.code.tex"
File: pgfcorequick.code.tex 2020/01/08 v3.1.5b (3.1.5b)
)
("C:\Users\ssingh\AppData\Local\Programs\MiKTeX 2.9\tex/generic/pgf/basiclayer\
pgfcoreobjects.code.tex"
File: pgfcoreobjects.code.tex 2020/01/08 v3.1.5b (3.1.5b)
)
("C:\Users\ssingh\AppData\Local\Programs\MiKTeX 2.9\tex/generic/pgf/basiclayer\
pgfcorepathprocessing.code.tex"
File: pgfcorepathprocessing.code.tex 2020/01/08 v3.1.5b (3.1.5b)
)
("C:\Users\ssingh\AppData\Local\Programs\MiKTeX 2.9\tex/generic/pgf/basiclayer\
pgfcorearrows.code.tex"
File: pgfcorearrows.code.tex 2020/01/08 v3.1.5b (3.1.5b)
\pgfarrowsep=\dimen327
)
("C:\Users\ssingh\AppData\Local\Programs\MiKTeX 2.9\tex/generic/pgf/basiclayer\
pgfcoreshade.code.tex"
File: pgfcoreshade.code.tex 2020/01/08 v3.1.5b (3.1.5b)
\pgf@max=\dimen328
\pgf@sys@shading@range@num=\count551
\pgf@shadingcount=\count552
)
("C:\Users\ssingh\AppData\Local\Programs\MiKTeX 2.9\tex/generic/pgf/basiclayer\
pgfcoreimage.code.tex"
File: pgfcoreimage.code.tex 2020/01/08 v3.1.5b (3.1.5b)

("C:\Users\ssingh\AppData\Local\Programs\MiKTeX 2.9\tex/generic/pgf/basiclayer\
pgfcoreexternal.code.tex"
File: pgfcoreexternal.code.tex 2020/01/08 v3.1.5b (3.1.5b)
\pgfexternal@startupbox=\box88
))
("C:\Users\ssingh\AppData\Local\Programs\MiKTeX 2.9\tex/generic/pgf/basiclayer\
pgfcorelayers.code.tex"
File: pgfcorelayers.code.tex 2020/01/08 v3.1.5b (3.1.5b)
)
("C:\Users\ssingh\AppData\Local\Programs\MiKTeX 2.9\tex/generic/pgf/basiclayer\
pgfcoretransparency.code.tex"
File: pgfcoretransparency.code.tex 2020/01/08 v3.1.5b (3.1.5b)
)
("C:\Users\ssingh\AppData\Local\Programs\MiKTeX 2.9\tex/generic/pgf/basiclayer\
pgfcorepatterns.code.tex"
File: pgfcorepatterns.code.tex 2020/01/08 v3.1.5b (3.1.5b)
)
("C:\Users\ssingh\AppData\Local\Programs\MiKTeX 2.9\tex/generic/pgf/basiclayer\
pgfcorerdf.code.tex"
File: pgfcorerdf.code.tex 2020/01/08 v3.1.5b (3.1.5b)
)))
("C:\Users\ssingh\AppData\Local\Programs\MiKTeX 2.9\tex/generic/pgf/modules\pgf
moduleshapes.code.tex"
File: pgfmoduleshapes.code.tex 2020/01/08 v3.1.5b (3.1.5b)
\pgfnodeparttextbox=\box89
)
("C:\Users\ssingh\AppData\Local\Programs\MiKTeX 2.9\tex/generic/pgf/modules\pgf
moduleplot.code.tex"
File: pgfmoduleplot.code.tex 2020/01/08 v3.1.5b (3.1.5b)
)
("C:\Users\ssingh\AppData\Local\Programs\MiKTeX 2.9\tex/latex/pgf/compatibility
\pgfcomp-version-0-65.sty"
Package: pgfcomp-version-0-65 2020/01/08 v3.1.5b (3.1.5b)
\pgf@nodesepstart=\dimen329
\pgf@nodesepend=\dimen330
)
("C:\Users\ssingh\AppData\Local\Programs\MiKTeX 2.9\tex/latex/pgf/compatibility
\pgfcomp-version-1-18.sty"
Package: pgfcomp-version-1-18 2020/01/08 v3.1.5b (3.1.5b)
))
("C:\Users\ssingh\AppData\Local\Programs\MiKTeX 2.9\tex/latex/pgf/utilities\pgf
for.sty"
("C:\Users\ssingh\AppData\Local\Programs\MiKTeX 2.9\tex/latex/pgf/utilities\pgf
keys.sty"
("C:\Users\ssingh\AppData\Local\Programs\MiKTeX 2.9\tex/generic/pgf/utilities\p
gfkeys.code.tex"))
("C:\Users\ssingh\AppData\Local\Programs\MiKTeX 2.9\tex/latex/pgf/math\pgfmath.
sty"
("C:\Users\ssingh\AppData\Local\Programs\MiKTeX 2.9\tex/generic/pgf/math\pgfmat
h.code.tex"))
("C:\Users\ssingh\AppData\Local\Programs\MiKTeX 2.9\tex/generic/pgf/utilities\p
gffor.code.tex"
Package: pgffor 2020/01/08 v3.1.5b (3.1.5b)

("C:\Users\ssingh\AppData\Local\Programs\MiKTeX 2.9\tex/generic/pgf/math\pgfmat
h.code.tex")
\pgffor@iter=\dimen331
\pgffor@skip=\dimen332
\pgffor@stack=\toks56
\pgffor@toks=\toks57
))
("C:\Users\ssingh\AppData\Local\Programs\MiKTeX 2.9\tex/generic/pgf/frontendlay
er/tikz\tikz.code.tex"
Package: tikz 2020/01/08 v3.1.5b (3.1.5b)

("C:\Users\ssingh\AppData\Local\Programs\MiKTeX 2.9\tex/generic/pgf/libraries\p
gflibraryplothandlers.code.tex"
File: pgflibraryplothandlers.code.tex 2020/01/08 v3.1.5b (3.1.5b)
\pgf@plot@mark@count=\count553
\pgfplotmarksize=\dimen333
)
\tikz@lastx=\dimen334
\tikz@lasty=\dimen335
\tikz@lastxsaved=\dimen336
\tikz@lastysaved=\dimen337
\tikz@lastmovetox=\dimen338
\tikz@lastmovetoy=\dimen339
\tikzleveldistance=\dimen340
\tikzsiblingdistance=\dimen341
\tikz@figbox=\box90
\tikz@figbox@bg=\box91
\tikz@tempbox=\box92
\tikz@tempbox@bg=\box93
\tikztreelevel=\count554
\tikznumberofchildren=\count555
\tikznumberofcurrentchild=\count556
\tikz@fig@count=\count557

("C:\Users\ssingh\AppData\Local\Programs\MiKTeX 2.9\tex/generic/pgf/modules\pgf
modulematrix.code.tex"
File: pgfmodulematrix.code.tex 2020/01/08 v3.1.5b (3.1.5b)
\pgfmatrixcurrentrow=\count558
\pgfmatrixcurrentcolumn=\count559
\pgf@matrix@numberofcolumns=\count560
)
\tikz@expandcount=\count561

("C:\Users\ssingh\AppData\Local\Programs\MiKTeX 2.9\tex/generic/pgf/frontendlay
er/tikz/libraries\tikzlibrarytopaths.code.tex"
File: tikzlibrarytopaths.code.tex 2020/01/08 v3.1.5b (3.1.5b)
)))
("C:\Users\ssingh\AppData\Local\Programs\MiKTeX 2.9\tex/latex/tools\calc.sty"
Package: calc 2017/05/25 v4.3 Infix arithmetic (KKT,FJ)
\calc@Acount=\count562
\calc@Bcount=\count563
\calc@Adimen=\dimen342
\calc@Bdimen=\dimen343
\calc@Askip=\skip271
\calc@Bskip=\skip272
LaTeX Info: Redefining \setlength on input line 80.
LaTeX Info: Redefining \addtolength on input line 81.
\calc@Ccount=\count564
\calc@Cskip=\skip273
)
("C:\Users\ssingh\AppData\Local\Programs\MiKTeX 2.9\tex/latex/pgfopts\pgfopts.s
ty"
Package: pgfopts 2014/07/10 v2.1a LaTeX package options with pgfkeys
\pgfopts@list@add@a@toks=\toks58
\pgfopts@list@add@b@toks=\toks59
)
("C:\Users\ssingh\AppData\Local\Programs\MiKTeX 2.9\tex/generic/pgf/frontendlay
er/tikz/libraries\tikzlibrarybackgrounds.code.tex"
File: tikzlibrarybackgrounds.code.tex 2020/01/08 v3.1.5b (3.1.5b)
\pgf@layerbox@background=\box94
\pgf@layerboxsaved@background=\box95
)
("C:\Users\ssingh\AppData\Local\Programs\MiKTeX 2.9\tex/generic/pgf/frontendlay
er/tikz/libraries\tikzlibraryarrows.code.tex"
File: tikzlibraryarrows.code.tex 2020/01/08 v3.1.5b (3.1.5b)

("C:\Users\ssingh\AppData\Local\Programs\MiKTeX 2.9\tex/generic/pgf/libraries\p
gflibraryarrows.code.tex"
File: pgflibraryarrows.code.tex 2020/01/08 v3.1.5b (3.1.5b)
\arrowsize=\dimen344
))
("C:\Users\ssingh\AppData\Local\Programs\MiKTeX 2.9\tex/generic/pgf/frontendlay
er/tikz/libraries\tikzlibraryshapes.code.tex"
File: tikzlibraryshapes.code.tex 2020/01/08 v3.1.5b (3.1.5b)

("C:\Users\ssingh\AppData\Local\Programs\MiKTeX 2.9\tex/generic/pgf/frontendlay
er/tikz/libraries\tikzlibraryshapes.geometric.code.tex"
File: tikzlibraryshapes.geometric.code.tex 2020/01/08 v3.1.5b (3.1.5b)

("C:\Users\ssingh\AppData\Local\Programs\MiKTeX 2.9\tex/generic/pgf/libraries/s
hapes\pgflibraryshapes.geometric.code.tex"
File: pgflibraryshapes.geometric.code.tex 2020/01/08 v3.1.5b (3.1.5b)
))
("C:\Users\ssingh\AppData\Local\Programs\MiKTeX 2.9\tex/generic/pgf/frontendlay
er/tikz/libraries\tikzlibraryshapes.misc.code.tex"
File: tikzlibraryshapes.misc.code.tex 2020/01/08 v3.1.5b (3.1.5b)

("C:\Users\ssingh\AppData\Local\Programs\MiKTeX 2.9\tex/generic/pgf/libraries/s
hapes\pgflibraryshapes.misc.code.tex"
File: pgflibraryshapes.misc.code.tex 2020/01/08 v3.1.5b (3.1.5b)
))
("C:\Users\ssingh\AppData\Local\Programs\MiKTeX 2.9\tex/generic/pgf/frontendlay
er/tikz/libraries\tikzlibraryshapes.symbols.code.tex"
File: tikzlibraryshapes.symbols.code.tex 2020/01/08 v3.1.5b (3.1.5b)

("C:\Users\ssingh\AppData\Local\Programs\MiKTeX 2.9\tex/generic/pgf/libraries/s
hapes\pgflibraryshapes.symbols.code.tex"
File: pgflibraryshapes.symbols.code.tex 2020/01/08 v3.1.5b (3.1.5b)
))
("C:\Users\ssingh\AppData\Local\Programs\MiKTeX 2.9\tex/generic/pgf/frontendlay
er/tikz/libraries\tikzlibraryshapes.arrows.code.tex"
File: tikzlibraryshapes.arrows.code.tex 2020/01/08 v3.1.5b (3.1.5b)

("C:\Users\ssingh\AppData\Local\Programs\MiKTeX 2.9\tex/generic/pgf/libraries/s
hapes\pgflibraryshapes.arrows.code.tex"
File: pgflibraryshapes.arrows.code.tex 2020/01/08 v3.1.5b (3.1.5b)
))
("C:\Users\ssingh\AppData\Local\Programs\MiKTeX 2.9\tex/generic/pgf/frontendlay
er/tikz/libraries\tikzlibraryshapes.callouts.code.tex"
("C:\Users\ssingh\AppData\Local\Programs\MiKTeX 2.9\tex/generic/pgf/libraries/s
hapes\pgflibraryshapes.callouts.code.tex"))
("C:\Users\ssingh\AppData\Local\Programs\MiKTeX 2.9\tex/generic/pgf/frontendlay
er/tikz/libraries\tikzlibraryshapes.multipart.code.tex"
File: tikzlibraryshapes.multipart.code.tex 2020/01/08 v3.1.5b (3.1.5b)

("C:\Users\ssingh\AppData\Local\Programs\MiKTeX 2.9\tex/generic/pgf/libraries/s
hapes\pgflibraryshapes.multipart.code.tex"
File: pgflibraryshapes.multipart.code.tex 2020/01/08 v3.1.5b (3.1.5b)
\pgfnodepartlowerbox=\box96
\pgfnodeparttwobox=\box97
\pgfnodepartthreebox=\box98
\pgfnodepartfourbox=\box99
\pgfnodeparttwentybox=\box100
\pgfnodepartnineteenbox=\box101
\pgfnodeparteighteenbox=\box102
\pgfnodepartseventeenbox=\box103
\pgfnodepartsixteenbox=\box104
\pgfnodepartfifteenbox=\box105
\pgfnodepartfourteenbox=\box106
\pgfnodepartthirteenbox=\box107
\pgfnodeparttwelvebox=\box108
\pgfnodepartelevenbox=\box109
\pgfnodeparttenbox=\box110
\pgfnodepartninebox=\box111
\pgfnodeparteightbox=\box112
\pgfnodepartsevenbox=\box113
\pgfnodepartsixbox=\box114
\pgfnodepartfivebox=\box115
)))
("C:\Users\ssingh\AppData\Local\Programs\MiKTeX 2.9\tex/generic/pgf/frontendlay
er/tikz/libraries\tikzlibraryfit.code.tex"
File: tikzlibraryfit.code.tex 2020/01/08 v3.1.5b (3.1.5b)
)
("C:\Users\ssingh\AppData\Local\Programs\MiKTeX 2.9\tex/generic/pgf/frontendlay
er/tikz/libraries\tikzlibraryshadows.code.tex"
File: tikzlibraryshadows.code.tex 2020/01/08 v3.1.5b (3.1.5b)

("C:\Users\ssingh\AppData\Local\Programs\MiKTeX 2.9\tex/generic/pgf/frontendlay
er/tikz/libraries\tikzlibraryfadings.code.tex"
File: tikzlibraryfadings.code.tex 2020/01/08 v3.1.5b (3.1.5b)

("C:\Users\ssingh\AppData\Local\Programs\MiKTeX 2.9\tex/generic/pgf/libraries\p
gflibraryfadings.code.tex"
File: pgflibraryfadings.code.tex 2020/01/08 v3.1.5b (3.1.5b)
)))
("C:\Users\ssingh\AppData\Local\Programs\MiKTeX 2.9\tex/generic/pgf/frontendlay
er/tikz/libraries\tikzlibrarydecorations.markings.code.tex"
("C:\Users\ssingh\AppData\Local\Programs\MiKTeX 2.9\tex/generic/pgf/frontendlay
er/tikz/libraries\tikzlibrarydecorations.code.tex"
("C:\Users\ssingh\AppData\Local\Programs\MiKTeX 2.9\tex/generic/pgf/modules\pgf
moduledecorations.code.tex"
\pgfdecoratedcompleteddistance=\dimen345
\pgfdecoratedremainingdistance=\dimen346
\pgfdecoratedinputsegmentcompleteddistance=\dimen347
\pgfdecoratedinputsegmentremainingdistance=\dimen348
\pgf@decorate@distancetomove=\dimen349
\pgf@decorate@repeatstate=\count565
\pgfdecorationsegmentamplitude=\dimen350
\pgfdecorationsegmentlength=\dimen351
)
\tikz@lib@dec@box=\box116
)
("C:\Users\ssingh\AppData\Local\Programs\MiKTeX 2.9\tex/generic/pgf/libraries/d
ecorations\pgflibrarydecorations.markings.code.tex"))
\c@tikzumlPackageLayers=\count566
\pgf@layerbox@package0=\box117
\pgf@layerboxsaved@package0=\box118
\pgf@layerbox@package1=\box119
\pgf@layerboxsaved@package1=\box120
\pgf@layerbox@package2=\box121
\pgf@layerboxsaved@package2=\box122
\pgf@layerbox@package3=\box123
\pgf@layerboxsaved@package3=\box124
\c@tikzumlFragmentLayers=\count567
\pgf@layerbox@fragment0=\box125
\pgf@layerboxsaved@fragment0=\box126
\pgf@layerbox@fragment1=\box127
\pgf@layerboxsaved@fragment1=\box128
\pgf@layerbox@fragment2=\box129
\pgf@layerboxsaved@fragment2=\box130
\pgf@layerbox@fragment3=\box131
\pgf@layerboxsaved@fragment3=\box132
\c@tikzumlStateLayers=\count568
\pgf@layerbox@state0=\box133
\pgf@layerboxsaved@state0=\box134
\pgf@layerbox@state1=\box135
\pgf@layerboxsaved@state1=\box136
\pgf@layerbox@state2=\box137
\pgf@layerboxsaved@state2=\box138
\pgf@layerbox@state3=\box139
\pgf@layerboxsaved@state3=\box140
\c@tikzumlComponentLayers=\count569
\pgf@layerbox@component0=\box141
\pgf@layerboxsaved@component0=\box142
\pgf@layerbox@component1=\box143
\pgf@layerboxsaved@component1=\box144
\pgf@layerbox@component2=\box145
\pgf@layerboxsaved@component2=\box146
\pgf@layerbox@component3=\box147
\pgf@layerboxsaved@component3=\box148
\pgf@layerbox@lifelines=\box149
\pgf@layerboxsaved@lifelines=\box150
\pgf@layerbox@activity=\box151
\pgf@layerboxsaved@activity=\box152
\pgf@layerbox@connections=\box153
\pgf@layerboxsaved@connections=\box154
\c@tikzumlPackageClassNum=\count570
\c@tikzumlPackageSubPackageNum=\count571
\c@tikzumlRelationNum=\count572
\c@tikzumlNoteNum=\count573
\c@pos=\count574
\c@posT=\count575
\c@posStereo=\count576
\c@tikzumlPackageLevel=\count577
\tikzumlNestingSymbolSize=\dimen352
\c@tikzumlSystemUseCaseNum=\count578
\c@tikzumlSystemLevel=\count579
\c@tikzumlUseCaseNum=\count580
\c@tikzumlActorNum=\count581
\c@tikzumlStateJoinNum=\count582
\c@tikzumlStateDecisionNum=\count583
\c@tikzumlStateInitialNum=\count584
\c@tikzumlStateFinalNum=\count585
\c@tikzumlStateEnterNum=\count586
\c@tikzumlStateExitNum=\count587
\c@tikzumlStateEndNum=\count588
\c@tikzumlStateHistoryNum=\count589
\c@tikzumlStateDeepHistoryNum=\count590
\c@tikzumlStateLevel=\count591
\c@tikzumlStateSubStateNum=\count592
\c@tikzumlStateText=\count593
\c@tikzumlObjectNum=\count594
\c@tikzumlCallLevel=\count595
\c@tikzumlCallNum=\count596
\c@tikzumlFragmentLevel=\count597
\c@tikzumlFragmentLevelNum=\count598
\c@tikzumlFragmentNum=\count599
\c@tikzumlFragmentPartNum=\count600
\c@tikzumlCallStartFragmentNum=\count601
\c@tikzumlCallEndFragmentNum=\count602
\c@tikzumlSDNodeNum=\count603
\tikzumlCall@xa=\skip274
\tikzumlCall@xb=\skip275
\c@tikzumlComponentLevel=\count604
\c@tikzumlComponentSubComponentNum=\count605
\c@tikzumlConnectorNum=\count606
\tikzuml@AC@xa=\skip276
\tikzuml@AC@ya=\skip277
\tikzuml@AC@xb=\skip278
\tikzuml@AC@yb=\skip279
\tikzuml@AC@xi=\skip280
\tikzuml@AC@yi=\skip281
\tikzuml@AC@xic=\skip282
\tikzuml@AC@yic=\skip283
\tikzuml@AC@xio=\skip284
\tikzuml@AC@yio=\skip285
\tikzuml@AC@AB=\skip286
\tikzuml@AC@lambda=\skip287
\tikzuml@AC@xtrc=\skip288
\tikzuml@AC@ytrc=\skip289
\tikzuml@AC@xtlc=\skip290
\tikzuml@AC@ytlc=\skip291
\tikzuml@AC@xblc=\skip292
\tikzuml@AC@yblc=\skip293
\tikzuml@AC@xbrc=\skip294
\tikzuml@AC@ybrc=\skip295
\tikzuml@AC@middleArm=\skip296
)
("C:\Users\ssingh\AppData\Local\Programs\MiKTeX 2.9\tex/generic/pgf/frontendlay
er/tikz/libraries\tikzlibrarypositioning.code.tex"
File: tikzlibrarypositioning.code.tex 2020/01/08 v3.1.5b (3.1.5b)
)
("C:\Users\ssingh\AppData\Local\Programs\MiKTeX 2.9\tex/generic/pgf/frontendlay
er/tikz/libraries\tikzlibrarycalc.code.tex"
File: tikzlibrarycalc.code.tex 2020/01/08 v3.1.5b (3.1.5b)
)
("C:\Users\ssingh\AppData\Local\Programs\MiKTeX 2.9\tex/generic/pgf/frontendlay
er/tikz/libraries\tikzlibrarymath.code.tex"
("C:\Users\ssingh\AppData\Local\Programs\MiKTeX 2.9\tex/generic/pgf/frontendlay
er/tikz/libraries\tikzlibraryfpu.code.tex"
("C:\Users\ssingh\AppData\Local\Programs\MiKTeX 2.9\tex/generic/pgf/libraries\p
gflibraryfpu.code.tex"))
\tikz@math@for@depth=\count607
\tikz@math@dimen=\dimen353
\tikz@math@toks=\toks60
)
("C:\Users\ssingh\AppData\Local\Programs\MiKTeX 2.9\tex/generic/pgf/libraries\p
gflibraryarrows.meta.code.tex"
File: pgflibraryarrows.meta.code.tex 2020/01/08 v3.1.5b (3.1.5b)
\pgfarrowinset=\dimen354
\pgfarrowlength=\dimen355
\pgfarrowwidth=\dimen356
\pgfarrowlinewidth=\dimen357
)) (acronyms.tex) (mtc-terms.tex)
Package csquotes Info: Checking for multilingual support...
Package csquotes Info: ... found 'babel' package.
Package csquotes Info: Adjusting default style.
Package csquotes Info: Redefining alias 'default' -> 'english'.
 (main.aux)
\openout1 = `main.aux'.

LaTeX Font Info:    Checking defaults for OML/cmm/m/it on input line 28.
LaTeX Font Info:    ... okay on input line 28.
LaTeX Font Info:    Checking defaults for OMS/cmsy/m/n on input line 28.
LaTeX Font Info:    ... okay on input line 28.
LaTeX Font Info:    Checking defaults for OT1/cmr/m/n on input line 28.
LaTeX Font Info:    ... okay on input line 28.
LaTeX Font Info:    Checking defaults for T1/cmr/m/n on input line 28.
LaTeX Font Info:    ... okay on input line 28.
LaTeX Font Info:    Checking defaults for TS1/cmr/m/n on input line 28.
LaTeX Font Info:    ... okay on input line 28.
LaTeX Font Info:    Checking defaults for OMX/cmex/m/n on input line 28.
LaTeX Font Info:    ... okay on input line 28.
LaTeX Font Info:    Checking defaults for U/cmr/m/n on input line 28.
LaTeX Font Info:    ... okay on input line 28.
LaTeX Font Info:    Checking defaults for PD1/pdf/m/n on input line 28.
LaTeX Font Info:    ... okay on input line 28.

*geometry* driver: auto-detecting
*geometry* detected driver: pdftex
*geometry* verbose mode - [ preamble ] result:
* driver: pdftex
* paper: letterpaper
* layout: <same size as paper>
* layoutoffset:(h,v)=(0.0pt,0.0pt)
* modes: twoside 
* h-part:(L,W,R)=(73.71613pt, 430.00462pt, 110.57425pt)
* v-part:(T,H,B)=(90.3375pt, 614.295pt, 90.3375pt)
* \paperwidth=614.295pt
* \paperheight=794.96999pt
* \textwidth=430.00462pt
* \textheight=614.295pt
* \oddsidemargin=18.06749pt
* \evensidemargin=18.06749pt
* \topmargin=-18.9325pt
* \headheight=12.0pt
* \headsep=25.0pt
* \topskip=12.0pt
* \footskip=36.135pt
* \marginparwidth=95.0pt
* \marginparsep=10.0pt
* \columnsep=10.0pt
* \skip\footins=10.8pt plus 4.0pt minus 2.0pt
* \hoffset=0.0pt
* \voffset=0.0pt
* \mag=1000
* \@twocolumnfalse
* \@twosidetrue
* \@mparswitchtrue
* \@reversemarginfalse
* (1in=72.27pt=25.4mm, 1cm=28.453pt)

LaTeX Font Info:    Trying to load font information for T1+pcr on input line 28
.
("C:\Users\ssingh\AppData\Local\Programs\MiKTeX 2.9\tex/latex/psnfss\t1pcr.fd"
File: t1pcr.fd 2001/06/04 font definitions for T1/pcr.
)
LaTeX Font Info:    Font shape `T1/pcr/m/it' in size <12> not available
(Font)              Font shape `T1/pcr/m/sl' tried instead on input line 28.

LaTeX Font Warning: Font shape `T1/pcr/m/scsl' undefined
(Font)              using `T1/pcr/m/sc' instead on input line 28.

LaTeX Font Info:    Font shape `T1/pcr/b/it' in size <12> not available
(Font)              Font shape `T1/pcr/b/sl' tried instead on input line 28.

LaTeX Font Warning: Font shape `T1/pcr/b/scsl' undefined
(Font)              using `T1/pcr/b/sc' instead on input line 28.

LaTeX Font Info:    Font shape `T1/pcr/bx/n' in size <12> not available
(Font)              Font shape `T1/pcr/b/n' tried instead on input line 28.
LaTeX Font Info:    Font shape `T1/pcr/bx/it' in size <12> not available
(Font)              Font shape `T1/pcr/b/it' tried instead on input line 28.
LaTeX Font Info:    Font shape `T1/pcr/b/it' in size <12> not available
(Font)              Font shape `T1/pcr/b/sl' tried instead on input line 28.
LaTeX Font Info:    Font shape `T1/pcr/bx/sl' in size <12> not available
(Font)              Font shape `T1/pcr/b/sl' tried instead on input line 28.

LaTeX Font Warning: Font shape `T1/pcr/bx/scsl' undefined
(Font)              using `T1/pcr/bx/sc' instead on input line 28.

LaTeX Font Info:    Font shape `T1/pcr/bx/sc' in size <12> not available
(Font)              Font shape `T1/pcr/b/sc' tried instead on input line 28.

LaTeX Font Warning: Font shape `T1/pcr/sbx/sc' undefined
(Font)              using `T1/pcr/sb/sc' instead on input line 28.


LaTeX Font Warning: Font shape `T1/pcr/sb/n' undefined
(Font)              using `T1/pcr/m/n' instead on input line 28.


LaTeX Font Warning: Font shape `T1/pcr/sb/it' undefined
(Font)              using `T1/pcr/sb/n' instead on input line 28.


LaTeX Font Warning: Font shape `T1/pcr/sb/sl' undefined
(Font)              using `T1/pcr/sb/it' instead on input line 28.


LaTeX Font Warning: Font shape `T1/pcr/sb/scit' undefined
(Font)              using `T1/pcr/sb/sc' instead on input line 28.


LaTeX Font Warning: Font shape `T1/pcr/sb/sc' undefined
(Font)              using `T1/pcr/sb/n' instead on input line 28.


LaTeX Font Warning: Font shape `T1/pcr/sbc/sc' undefined
(Font)              using `T1/pcr/c/sc' instead on input line 28.


LaTeX Font Warning: Font shape `T1/pcr/c/n' undefined
(Font)              using `T1/pcr/m/n' instead on input line 28.


LaTeX Font Warning: Font shape `T1/pcr/c/it' undefined
(Font)              using `T1/pcr/c/n' instead on input line 28.


LaTeX Font Warning: Font shape `T1/pcr/c/sl' undefined
(Font)              using `T1/pcr/c/it' instead on input line 28.


LaTeX Font Warning: Font shape `T1/pcr/c/scit' undefined
(Font)              using `T1/pcr/c/sc' instead on input line 28.


LaTeX Font Warning: Font shape `T1/pcr/c/sc' undefined
(Font)              using `T1/pcr/c/n' instead on input line 28.


LaTeX Font Warning: Font shape `T1/pcr/lc/sc' undefined
(Font)              using `T1/pcr/l/sc' instead on input line 28.


LaTeX Font Warning: Font shape `T1/pcr/l/n' undefined
(Font)              using `T1/pcr/m/n' instead on input line 28.


LaTeX Font Warning: Font shape `T1/pcr/l/it' undefined
(Font)              using `T1/pcr/l/n' instead on input line 28.


LaTeX Font Warning: Font shape `T1/pcr/l/sl' undefined
(Font)              using `T1/pcr/l/it' instead on input line 28.


LaTeX Font Warning: Font shape `T1/pcr/l/scit' undefined
(Font)              using `T1/pcr/l/sc' instead on input line 28.


LaTeX Font Warning: Font shape `T1/pcr/l/sc' undefined
(Font)              using `T1/pcr/l/n' instead on input line 28.


LaTeX Font Warning: Font shape `T1/pcr/m/ui' undefined
(Font)              using `T1/pcr/m/n' instead on input line 28.


LaTeX Font Warning: Font shape `T1/pcr/bx/ui' undefined
(Font)              using `T1/pcr/bx/n' instead on input line 28.


LaTeX Font Warning: Font shape `T1/pcr/m/In' undefined
(Font)              using `T1/pcr/m/n' instead on input line 28.


("C:\Users\ssingh\AppData\Local\Programs\MiKTeX 2.9\tex/context/base/mkii\supp-
pdf.mkii"
[Loading MPS to PDF converter (version 2006.09.02).]
\scratchcounter=\count608
\scratchdimen=\dimen358
\scratchbox=\box155
\nofMPsegments=\count609
\nofMParguments=\count610
\everyMPshowfont=\toks61
\MPscratchCnt=\count611
\MPscratchDim=\dimen359
\MPnumerator=\count612
\makeMPintoPDFobject=\count613
\everyMPtoPDFconversion=\toks62
)
("C:\Users\ssingh\AppData\Local\Programs\MiKTeX 2.9\tex/latex/epstopdf-pkg\epst
opdf-base.sty"
Package: epstopdf-base 2020-01-24 v2.11 Base part for package epstopdf
Package epstopdf-base Info: Redefining graphics rule for `.eps' on input line 4
85.
)
Package caption Info: Begin \AtBeginDocument code.
Package caption Info: hyperref package is loaded.
Package caption Info: listings package is loaded.
Package caption Info: longtable package is loaded.

("C:\Users\ssingh\AppData\Local\Programs\MiKTeX 2.9\tex/latex/caption\ltcaption
.sty"
Package: ltcaption 2018/08/26 v1.4a longtable captions (AR)
)
Package caption Info: supertabular package is loaded.
Package caption Info: End \AtBeginDocument code.
\c@lstlisting=\count614
\AtBeginShipoutBox=\box156
Package hyperref Info: Link coloring OFF on input line 28.
LaTeX Info: Redefining \ref on input line 28.
LaTeX Info: Redefining \pageref on input line 28.
LaTeX Info: Redefining \nameref on input line 28.
 (main.out) (main.out)
\@outlinefile=\write11
\openout11 = `main.out'.


("C:\Users\ssingh\AppData\Local\Programs\MiKTeX 2.9\tex/latex/translator\transl
ator-basic-dictionary-English.dict"
Dictionary: translator-basic-dictionary, Language: English 
)
("C:\Users\ssingh\AppData\Local\Programs\MiKTeX 2.9\tex/latex/siunitx\siunitx-a
bbreviations.cfg"
File: siunitx-abbreviations.cfg 2017/11/26 v2.7k siunitx: Abbreviated units
)
Package biblatex Info: Trying to load language 'english'...
Package biblatex Info: ... file 'english.lbx' found.

("C:\Users\ssingh\AppData\Local\Programs\MiKTeX 2.9\tex/latex/biblatex/lbx\engl
ish.lbx"
File: english.lbx 2019/12/01 v3.14 biblatex localization (PK/MW)
)
Package biblatex Info: Input encoding 'utf8' detected.
Package biblatex Info: Automatic encoding selection.
(biblatex)             Assuming data encoding 'utf8'.
\openout4 = `main.bcf'.

Package biblatex Info: Trying to load bibliographic data...
Package biblatex Info: ... file 'main.bbl' found.
 (main.bbl)
Package biblatex Info: Reference section=0 on input line 28.
Package biblatex Info: Reference segment=0 on input line 28.
 ABD: EveryShipout initializing macros
LaTeX Font Info:    Trying to load font information for OT1+ztmcm on input line
 28.

("C:\Users\ssingh\AppData\Local\Programs\MiKTeX 2.9\tex/latex/psnfss\ot1ztmcm.f
d"
File: ot1ztmcm.fd 2000/01/03 Fontinst v1.801 font definitions for OT1/ztmcm.
)
LaTeX Font Info:    Trying to load font information for OML+ztmcm on input line
 28.

("C:\Users\ssingh\AppData\Local\Programs\MiKTeX 2.9\tex/latex/psnfss\omlztmcm.f
d"
File: omlztmcm.fd 2000/01/03 Fontinst v1.801 font definitions for OML/ztmcm.
)
LaTeX Font Info:    Trying to load font information for OMS+ztmcm on input line
 28.

("C:\Users\ssingh\AppData\Local\Programs\MiKTeX 2.9\tex/latex/psnfss\omsztmcm.f
d"
File: omsztmcm.fd 2000/01/03 Fontinst v1.801 font definitions for OMS/ztmcm.
)
LaTeX Font Info:    Trying to load font information for OMX+ztmcm on input line
 28.

("C:\Users\ssingh\AppData\Local\Programs\MiKTeX 2.9\tex/latex/psnfss\omxztmcm.f
d"
File: omxztmcm.fd 2000/01/03 Fontinst v1.801 font definitions for OMX/ztmcm.
)
LaTeX Font Info:    Trying to load font information for OT1+ptm on input line 2
8.

("C:\Users\ssingh\AppData\Local\Programs\MiKTeX 2.9\tex/latex/psnfss\ot1ptm.fd"
File: ot1ptm.fd 2001/06/04 font definitions for OT1/ptm.
)
LaTeX Font Info:    Font shape `OT1/ptm/bx/n' in size <12> not available
(Font)              Font shape `OT1/ptm/b/n' tried instead on input line 28.
LaTeX Font Info:    Font shape `OT1/ptm/bx/n' in size <9> not available
(Font)              Font shape `OT1/ptm/b/n' tried instead on input line 28.
LaTeX Font Info:    Font shape `OT1/ptm/bx/n' in size <7> not available
(Font)              Font shape `OT1/ptm/b/n' tried instead on input line 28.
<./figures/mtconnect.png, id=445, 293.898pt x 92.2647pt>
File: ./figures/mtconnect.png Graphic file (type png)
<use ./figures/mtconnect.png>
Package pdftex.def Info: ./figures/mtconnect.png  used on input line 46.
(pdftex.def)             Requested size: 215.0023pt x 67.49767pt.
LaTeX Font Info:    Font shape `OT1/ptm/bx/n' in size <24.88> not available
(Font)              Font shape `OT1/ptm/b/n' tried instead on input line 46.
LaTeX Font Info:    Font shape `OT1/ptm/bx/n' in size <17.28> not available
(Font)              Font shape `OT1/ptm/b/n' tried instead on input line 46.
LaTeX Font Info:    Font shape `OT1/ptm/bx/n' in size <14.4> not available
(Font)              Font shape `OT1/ptm/b/n' tried instead on input line 46.
LaTeX Font Info:    Trying to load font information for TS1+ptm on input line 4
6.
 ("C:\Users\ssingh\AppData\Local\Programs\MiKTeX 2.9\tex/latex/psnfss\ts1ptm.fd
"
File: ts1ptm.fd 2001/06/04 font definitions for TS1/ptm.
)
LaTeX Font Info:    Font shape `OT1/ptm/bx/n' in size <10> not available
(Font)              Font shape `OT1/ptm/b/n' tried instead on input line 46.
LaTeX Font Info:    Font shape `OT1/ptm/bx/n' in size <7.4> not available
(Font)              Font shape `OT1/ptm/b/n' tried instead on input line 46.
LaTeX Font Info:    Font shape `OT1/ptm/bx/n' in size <6> not available
(Font)              Font shape `OT1/ptm/b/n' tried instead on input line 46.
 [1

\openout5 = `main.ist'.

{C:/Users/ssingh/AppData/Local/MiKTeX/2.9/pdftex/config/pdftex.map} <./figures/
mtconnect.png>]
Underfull \hbox (badness 10000) in paragraph at lines 51--52

 []

(legal.tex)

Package Fancyhdr Warning: \headheight is too small (12.0pt): 
Make it at least 14.49998pt.
We now make it that large for the rest of the document.
This may cause the page layout to be inconsistent, however.

[1] (main.toc [2

] [3])
\tf@toc=\write12
\openout12 = `main.toc'.

 [4] (main.lof
Overfull \hbox (1.0557pt too wide) detected at line 12
\T1/ptm/b/n/12 Figure 10: 
 []


Overfull \hbox (1.0557pt too wide) detected at line 13
\T1/ptm/b/n/12 Figure 11: 
 []


Overfull \hbox (1.0557pt too wide) detected at line 14
\T1/ptm/b/n/12 Figure 12: 
 []

)
\tf@lof=\write13
\openout13 = `main.lof'.

 [5

] (main.lot)
\tf@lot=\write14
\openout14 = `main.lot'.

 (introduction.texpdfTeX warning (ext4): destination with the same identifier (
name{page.1}) has been already used, duplicate ignored
<to be read again> 
                   \relax 
l.1 \section{Purpose of This Document}
                                       [1

] [2

] (main.gls [3

]) (main.acr)
Overfull \hbox (1.60281pt too wide) in paragraph at lines 14--14
[]\T1/ptm/m/it/12 MTConnect Stan-dard Part 1.0 - Overview and Fun-da-men-tals\T
1/ptm/m/n/12 . Ver-
 []


LaTeX Warning: Empty bibliography on input line 16.

) (assets.tex [4] (model-sections/AssetModel.tex [5

])
(model-sections/CuttingToolModel.tex
Overfull \hbox (121.8662pt too wide) in paragraph at lines 15--26
 [][] 
 []

[6] [7] [8]
Overfull \hbox (3.61537pt too wide) in paragraph at lines 152--163
 [][] 
 []

[9] [10] [11]
Overfull \hbox (3.61537pt too wide) in paragraph at lines 283--291
 [][] 
 []

[12]
Overfull \hbox (3.61537pt too wide) in paragraph at lines 332--369
 [][] 
 []


LaTeX Warning: Float too large for page by 459.32973pt on input line 369.

[13] [14]
Overfull \hbox (3.61537pt too wide) in paragraph at lines 387--423
 [][] 
 []

[15

] [16]
Overfull \hbox (3.61537pt too wide) in paragraph at lines 442--480
 [][] 
 []


LaTeX Warning: Float too large for page by 73.7228pt on input line 480.

[17

] [18] [19

] [20]
Overfull \hbox (3.61537pt too wide) in paragraph at lines 611--630
 [][] 
 []

[21]
Overfull \hbox (3.61537pt too wide) in paragraph at lines 668--676
 [][] 
 []

) (model-sections/CuttingItemModel.tex [22] [23] [24]
Overfull \hbox (3.61537pt too wide) in paragraph at lines 108--116
 [][] 
 []

)) (appendix.tex [25]
Underfull \vbox (badness 1810) has occurred while \output is active []

 [26

]
Underfull \vbox (badness 10000) has occurred while \output is active []

 [27]
<figures/a1-cutting-tool-measurement-diagram-3.png, id=816, 490.08093pt x 368.8
7813pt>
File: figures/a1-cutting-tool-measurement-diagram-3.png Graphic file (type png)

<use figures/a1-cutting-tool-measurement-diagram-3.png>
Package pdftex.def Info: figures/a1-cutting-tool-measurement-diagram-3.png  use
d on input line 46.
(pdftex.def)             Requested size: 258.00539pt x 194.20425pt.
<figures/a2-cutting-tool-measurement-diagram-4.png, id=817, 483.30562pt x 354.5
7469pt>
File: figures/a2-cutting-tool-measurement-diagram-4.png Graphic file (type png)

<use figures/a2-cutting-tool-measurement-diagram-4.png>
Package pdftex.def Info: figures/a2-cutting-tool-measurement-diagram-4.png  use
d on input line 55.
(pdftex.def)             Requested size: 258.00539pt x 189.29251pt.

[28 <./figures/a1-cutting-tool-measurement-diagram-3.png>]
<figures/a3-cutting-item-measurement-diagram-3.png, id=822, 511.15968pt x 316.1
8124pt>
File: figures/a3-cutting-item-measurement-diagram-3.png Graphic file (type png)

<use figures/a3-cutting-item-measurement-diagram-3.png>
Package pdftex.def Info: figures/a3-cutting-item-measurement-diagram-3.png  use
d on input line 65.
(pdftex.def)             Requested size: 258.00539pt x 159.59065pt.
<figures/a4-cutting-item-measurement-diagram-4.png, id=823, 449.42906pt x 373.3
95pt>
File: figures/a4-cutting-item-measurement-diagram-4.png Graphic file (type png)

<use figures/a4-cutting-item-measurement-diagram-4.png>
Package pdftex.def Info: figures/a4-cutting-item-measurement-diagram-4.png  use
d on input line 74.
(pdftex.def)             Requested size: 258.00539pt x 214.3643pt.
 [29 <./figures/a2-cutting-tool-measurement-diagram-4.png> <./figures/a3-cuttin
g-item-measurement-diagram-3.png>]
<figures/a5-cutting-item-measurement-diagram-5.png, id=828, 431.36156pt x 373.3
95pt>
File: figures/a5-cutting-item-measurement-diagram-5.png Graphic file (type png)

<use figures/a5-cutting-item-measurement-diagram-5.png>
Package pdftex.def Info: figures/a5-cutting-item-measurement-diagram-5.png  use
d on input line 83.
(pdftex.def)             Requested size: 258.00539pt x 223.33792pt.
 [30 <./figures/a4-cutting-item-measurement-diagram-4.png> <./figures/a5-cuttin
g-item-measurement-diagram-5.png>]
<figures/a6-cutting-item-measurement-diagram-6.png, id=833, 463.7325pt x 359.84
438pt>
File: figures/a6-cutting-item-measurement-diagram-6.png Graphic file (type png)

<use figures/a6-cutting-item-measurement-diagram-6.png>
Package pdftex.def Info: figures/a6-cutting-item-measurement-diagram-6.png  use
d on input line 92.
(pdftex.def)             Requested size: 258.00539pt x 200.21016pt.

Underfull \vbox (badness 10000) has occurred while \output is active []

 [31

 <./figures/a6-cutting-item-measurement-diagram-6.png>]
<figures/a7-shell-mill-side-view.png, id=839, 3495.459pt x 2399.96625pt>
File: figures/a7-shell-mill-side-view.png Graphic file (type png)
<use figures/a7-shell-mill-side-view.png>
Package pdftex.def Info: figures/a7-shell-mill-side-view.png  used on input lin
e 107.
(pdftex.def)             Requested size: 258.00539pt x 177.1333pt.
<figures/a8-indexable-insert-measurements.png, id=840, 781.92125pt x 479.7925pt
>
File: figures/a8-indexable-insert-measurements.png Graphic file (type png)
<use figures/a8-indexable-insert-measurements.png>
Package pdftex.def Info: figures/a8-indexable-insert-measurements.png  used on 
input line 115.
(pdftex.def)             Requested size: 258.00539pt x 158.31004pt.
 [32 <./figures/a7-shell-mill-side-view.png> <./figures/a8-indexable-insert-mea
surements.png>]
Underfull \vbox (badness 10000) has occurred while \output is active []

 [33]
Underfull \vbox (badness 10000) has occurred while \output is active []

 [34]
<figures/a9-step-drill-side-view.png, id=917, 853.1875pt x 622.325pt>
File: figures/a9-step-drill-side-view.png Graphic file (type png)
<use figures/a9-step-drill-side-view.png>
Package pdftex.def Info: figures/a9-step-drill-side-view.png  used on input lin
e 193.
(pdftex.def)             Requested size: 258.00539pt x 188.18979pt.

Overfull \hbox (3.99959pt too wide) in paragraph at lines 209--210
[][][][][][][][][][][][][][][][][][][][][][][][][][][][][][][][][][][][][][][][
][][][][][][][][][][][][][][][][][][][][][][][] 
 []


Overfull \hbox (9.99965pt too wide) in paragraph at lines 220--221
[][][][][][][][][][][][][][][][][][][][][][][][][][][][][][][][][][][][][][][][
] 
 []


Overfull \hbox (27.99983pt too wide) in paragraph at lines 222--223
[][][][][][][][][][][][][][][][][][][][][][][][][][][][][][][][] 
 []


Overfull \hbox (15.99971pt too wide) in paragraph at lines 225--226
[][][][][][][][][][][][][][][][][][][][][][][][][][][][][][][][][][][][][][][][
][][][][][][][][][][][][][][][] 
 []


Overfull \hbox (21.99977pt too wide) in paragraph at lines 227--228
[][][][][][][][][][][][][][][][][][][][][][][][][][][][][][][][][][][][][][][][
][][][][][][][][][][][][][][][] 
 []

[35 <./figures/a9-step-drill-side-view.png>]
Overfull \hbox (15.99971pt too wide) in paragraph at lines 235--236
[][][][][][][][][][][][][][][][][][][][][][][][][][][][][][][][][][][][][][][][
][][][][][][][][][][][][][][][][][][][][][] 
 []


Overfull \hbox (15.99971pt too wide) in paragraph at lines 237--238
[][][][][][][][][][][][][][][][][][][][][][][][][][][][][][][][][][][][][][][][
][][][][][][][][][][][][][][][][] 
 []


Overfull \hbox (9.99965pt too wide) in paragraph at lines 239--240
[][][][][][][][][][][][][][][][][][][][][][][][][][][][][][][][][][][][][][][][
][][][][][][][][][][][][][][][] 
 []


Overfull \hbox (15.99971pt too wide) in paragraph at lines 250--251
[][][][][][][][][][][][][][][][][][][][][][][][][][][][][][][][][][][][][][][][
][][][][][][][][][][][][][][][][][][][][][] 
 []


Overfull \hbox (15.99971pt too wide) in paragraph at lines 252--253
[][][][][][][][][][][][][][][][][][][][][][][][][][][][][][][][][][][][][][][][
][][][][][][][][][][][][][][][][] 
 []


Underfull \vbox (badness 10000) has occurred while \output is active []

 [36]
<figures/a10-shell-mill-with-explicate-loci.png, id=992, 445.665pt x 504.4446pt
>
File: figures/a10-shell-mill-with-explicate-loci.png Graphic file (type png)
<use figures/a10-shell-mill-with-explicate-loci.png>
Package pdftex.def Info: figures/a10-shell-mill-with-explicate-loci.png  used o
n input line 274.
(pdftex.def)             Requested size: 258.00539pt x 292.03157pt.

Overfull \hbox (3.99959pt too wide) in paragraph at lines 289--290
[][][][][][][][][][][][][][][][][][][][][][][][][][][][][][][][][][][][][][][][
][][][][][][][][][][][][][][][][][][][][][][][] 
 []


Overfull \hbox (15.99971pt too wide) in paragraph at lines 300--301
[][][][][][][][][][][][][][][][][][][][][][][][][][][][][][][][][][][][][][][][
][][][][][][][][][][][][][][][] 
 []


Overfull \hbox (33.9999pt too wide) in paragraph at lines 302--303
[][][][][][][][][][][][][][][][][][][][][][][][][][][][][][][][][][][][][][][][
][][][][][][][][][][][][][] 
 []

[37 <./figures/a10-shell-mill-with-explicate-loci.png>]
Underfull \vbox (badness 10000) has occurred while \output is active []

 [38]
<figures/a11-step-drill-with-explicate-loci.png, id=1043, 435.12563pt x 540.519
38pt>
File: figures/a11-step-drill-with-explicate-loci.png Graphic file (type png)
<use figures/a11-step-drill-with-explicate-loci.png>
Package pdftex.def Info: figures/a11-step-drill-with-explicate-loci.png  used o
n input line 329.
(pdftex.def)             Requested size: 258.00539pt x 320.5202pt.

Overfull \hbox (3.99959pt too wide) in paragraph at lines 344--345
[][][][][][][][][][][][][][][][][][][][][][][][][][][][][][][][][][][][][][][][
][][][][][][][][][][][][][][][][][][][][][][][] 
 []


Overfull \hbox (64.0002pt too wide) in paragraph at lines 347--348
[][][][][][][][][][][][][][][][][][][][][][][][][][][][][][][][][][][][][][][][
][][][][][][][][][][][][][][][][][][] 
 []


Overfull \hbox (3.99959pt too wide) in paragraph at lines 350--351
[][][][][][][][][][][][][][][][][][][][][][][][][][][] 
 []

[39 <./figures/a11-step-drill-with-explicate-loci.png>]
Overfull \hbox (15.99971pt too wide) in paragraph at lines 355--356
[][][][][][][][][][][][][][][][][][][][][][][][][][][][][][][][][][][][][][][][
][][][][][][][][][][][][][] 
 []


Overfull \hbox (33.9999pt too wide) in paragraph at lines 360--361
[][][][][][][][][][][][][][][][][][][][][][][][][][][][][][][][][][][][][][][][
][][][][][][][][][][][][][][][] 
 []


Overfull \hbox (70.00026pt too wide) in paragraph at lines 364--365
[][][][][][][][][][][][][][][][][][][][][][][][][][][][][][][][][][][][][][][][
][][][][][][][][][][][][][][] 
 []


Overfull \hbox (58.00014pt too wide) in paragraph at lines 365--366
[][][][][][][][][][][][][][][][][][][][][][][][][][][][][][][][][][][][][][][][
][][][][][][][][][][][][][] 
 []


Overfull \hbox (82.00038pt too wide) in paragraph at lines 367--368
[][][][][][][][][][][][][][][][][][][][][][][][][][][][][][][][][][][][][][][][
][][][][][][][][][][][][][] 
 []


Overfull \hbox (76.00032pt too wide) in paragraph at lines 368--369
[][][][][][][][][][][][][][][][][][][][][][][][][][][][][][][][][][][][][][][][
][][][][][][][][][][][][][] 
 []


Overfull \hbox (58.00014pt too wide) in paragraph at lines 375--376
[][][][][][][][][][][][][][][][][][][][][][][][][][][][][][][][][][][][][][][][
][][][][][][][][][][][][][][] 
 []


Overfull \hbox (9.99965pt too wide) in paragraph at lines 376--377
[][][][][][][][][][][][][][][][][][][][][][][][][][][][][][][][][][][][][][][][
][][][][][][][][][][][][][] 
 []


Underfull \vbox (badness 10000) has occurred while \output is active []

 [40]
<figures/a12-shell-mill-with-different-inserts-on-first-row.png, id=1100, 431.8
1325pt x 397.485pt>
File: figures/a12-shell-mill-with-different-inserts-on-first-row.png Graphic fi
le (type png)
<use figures/a12-shell-mill-with-different-inserts-on-first-row.png>
Package pdftex.def Info: figures/a12-shell-mill-with-different-inserts-on-first
-row.png  used on input line 392.
(pdftex.def)             Requested size: 258.00539pt x 237.51028pt.

Overfull \hbox (3.99959pt too wide) in paragraph at lines 407--408
[][][][][][][][][][][][][][][][][][][][][][][][][][][][][][][][][][][][][][][][
][][][][][][][][][][][][][][][][][][][][][][][] 
 []


Overfull \hbox (58.00014pt too wide) in paragraph at lines 409--410
[][][][][][][][][][][][][][][][][][][][][][][][][][][][][][][][][][][][][][][][
][][][][][][][][][][][][][][][][][][][][][][] 
 []


Overfull \hbox (21.99977pt too wide) in paragraph at lines 414--415
[][][][][][][][][][][][][][][][][][][][][][][][][][][][][][][][][][][][][][][][
][][][][][][][][][][][][][][] 
 []

[41 <./figures/a12-shell-mill-with-different-inserts-on-first-row.png>]
Overfull \hbox (21.99977pt too wide) in paragraph at lines 425--426
[][][][][][][][][][][][][][][][][][][][][][][][][][][][][][][][][][][][][][][][
][][][][][][][][][][][][][][] 
 []

) [42
runsystem(makeindex -s main.ist -t main.glg -o main.gls main.glo)...executed (a
llowed).

runsystem(makeindex -s main.ist -t main.alg -o main.acr main.acn)...executed (a
llowed).

runsystem(makeindex -s main.ist -t main.glg-abr -o main.gls-abr main.glo-abr)..
.executed (allowed).

runsystem(makeindex -s main.ist -t main.mtc-glg -o main.mtc-gls main.mtc-glo)..
.executed (allowed).

]
Package atveryend Info: Empty hook `BeforeClearDocument' on input line 77.
Package atveryend Info: Empty hook `AfterLastShipout' on input line 77.
 (main.aux)
Package atveryend Info: Executing hook `AtVeryEndDocument' on input line 77.
Package atveryend Info: Executing hook `AtEndAfterFileList' on input line 77.
Package rerunfilecheck Info: File `main.out' has not changed.
(rerunfilecheck)             Checksum: 858856A69E88F151AD9C2F6FBD24B795;7650.


LaTeX Font Warning: Some font shapes were not available, defaults substituted.

Package logreq Info: Writing requests to 'main.run.xml'.
\openout1 = `main.run.xml'.

 ) 
Here is how much of TeX's memory you used:
 99288 strings out of 481568
 2175351 string characters out of 2913802
 2354635 words of memory out of 3000000
 113157 multiletter control sequences out of 15000+200000
 613088 words of font info for 167 fonts, out of 3000000 for 9000
 1141 hyphenation exceptions out of 8191
 76i,15n,91p,1266b,2692s stack positions out of 5000i,500n,10000p,200000b,50000s
pdfTeX warning (dest): name{glo:request} has been referenced but does not exi
st, replaced by a fixed one

{C:/Users/ssingh/AppData/Local/Programs/MiKTeX 2.9/fonts/enc/dvips/base/8r.enc}
<C:/Users/ssingh/AppData/Local/Programs/MiKTeX 2.9/fonts/type1/urw/courier/ucrb
8a.pfb><C:/Users/ssingh/AppData/Local/Programs/MiKTeX 2.9/fonts/type1/urw/couri
er/ucrr8a.pfb><C:/Users/ssingh/AppData/Local/Programs/MiKTeX 2.9/fonts/type1/ur
w/times/utmb8a.pfb><C:/Users/ssingh/AppData/Local/Programs/MiKTeX 2.9/fonts/typ
e1/urw/times/utmbi8a.pfb><C:/Users/ssingh/AppData/Local/Programs/MiKTeX 2.9/fon
ts/type1/urw/times/utmr8a.pfb><C:/Users/ssingh/AppData/Local/Programs/MiKTeX 2.
9/fonts/type1/urw/times/utmri8a.pfb>
Output written on main.pdf (48 pages, 3507499 bytes).
PDF statistics:
 1266 PDF objects out of 1440 (max. 8388607)
 454 named destinations out of 1000 (max. 500000)
 1006 words of extra memory for PDF output out of 10000 (max. 10000000)

