\BOOKMARK [1][-]{section.1}{Purpose of This Document}{}% 1
\BOOKMARK [1][-]{section.2}{Terminology and Conventions}{}% 2
\BOOKMARK [2][-]{subsection.2.1}{Glossary}{section.2}% 3
\BOOKMARK [2][-]{subsection.2.2}{Acronyms}{section.2}% 4
\BOOKMARK [2][-]{subsection.2.3}{MTConnect References}{section.2}% 5
\BOOKMARK [1][-]{section.3}{Assets Model}{}% 6
\BOOKMARK [2][-]{subsection.3.1}{AssetModel}{section.3}% 7
\BOOKMARK [3][-]{subsubsection.3.1.1}{Asset}{subsection.3.1}% 8
\BOOKMARK [4][-]{paragraph.3.1.1.1}{assetId}{subsubsection.3.1.1}% 9
\BOOKMARK [4][-]{paragraph.3.1.1.2}{deviceUuid}{subsubsection.3.1.1}% 10
\BOOKMARK [4][-]{paragraph.3.1.1.3}{removed}{subsubsection.3.1.1}% 11
\BOOKMARK [4][-]{paragraph.3.1.1.4}{timestamp}{subsubsection.3.1.1}% 12
\BOOKMARK [4][-]{paragraph.3.1.1.5}{Description}{subsubsection.3.1.1}% 13
\BOOKMARK [2][-]{subsection.3.2}{CuttingToolModel}{section.3}% 14
\BOOKMARK [3][-]{subsubsection.3.2.1}{CuttingTool}{subsection.3.2}% 15
\BOOKMARK [4][-]{paragraph.3.2.1.1}{manufacturers}{subsubsection.3.2.1}% 16
\BOOKMARK [4][-]{paragraph.3.2.1.2}{serialNumber}{subsubsection.3.2.1}% 17
\BOOKMARK [4][-]{paragraph.3.2.1.3}{toolId}{subsubsection.3.2.1}% 18
\BOOKMARK [4][-]{paragraph.3.2.1.4}{CuttingToolLifeCycle}{subsubsection.3.2.1}% 19
\BOOKMARK [4][-]{paragraph.3.2.1.5}{CuttingToolArchetypeReference}{subsubsection.3.2.1}% 20
\BOOKMARK [4][-]{paragraph.3.2.1.6}{CuttingToolDefinition}{subsubsection.3.2.1}% 21
\BOOKMARK [3][-]{subsubsection.3.2.2}{CuttingToolArchetype}{subsection.3.2}% 22
\BOOKMARK [4][-]{paragraph.3.2.2.1}{manufacturers}{subsubsection.3.2.2}% 23
\BOOKMARK [4][-]{paragraph.3.2.2.2}{serialNumber}{subsubsection.3.2.2}% 24
\BOOKMARK [4][-]{paragraph.3.2.2.3}{toolId}{subsubsection.3.2.2}% 25
\BOOKMARK [4][-]{paragraph.3.2.2.4}{CuttingToolDefinition}{subsubsection.3.2.2}% 26
\BOOKMARK [4][-]{paragraph.3.2.2.5}{CuttingToolLifeCycle}{subsubsection.3.2.2}% 27
\BOOKMARK [3][-]{subsubsection.3.2.3}{CuttingToolArchetypeReference}{subsection.3.2}% 28
\BOOKMARK [4][-]{paragraph.3.2.3.1}{source}{subsubsection.3.2.3}% 29
\BOOKMARK [4][-]{paragraph.3.2.3.2}{value}{subsubsection.3.2.3}% 30
\BOOKMARK [3][-]{subsubsection.3.2.4}{CuttingToolDefinition}{subsection.3.2}% 31
\BOOKMARK [4][-]{paragraph.3.2.4.1}{format}{subsubsection.3.2.4}% 32
\BOOKMARK [4][-]{paragraph.3.2.4.2}{value}{subsubsection.3.2.4}% 33
\BOOKMARK [3][-]{subsubsection.3.2.5}{CuttingToolLifeCycle}{subsection.3.2}% 34
\BOOKMARK [4][-]{paragraph.3.2.5.1}{ConnectionCodeMachineSide}{subsubsection.3.2.5}% 35
\BOOKMARK [4][-]{paragraph.3.2.5.2}{ProgramToolGroup}{subsubsection.3.2.5}% 36
\BOOKMARK [4][-]{paragraph.3.2.5.3}{ProgramToolNumber}{subsubsection.3.2.5}% 37
\BOOKMARK [4][-]{paragraph.3.2.5.4}{ProcessFeedRate}{subsubsection.3.2.5}% 38
\BOOKMARK [4][-]{paragraph.3.2.5.5}{ToolLife}{subsubsection.3.2.5}% 39
\BOOKMARK [4][-]{paragraph.3.2.5.6}{ToolLife}{subsubsection.3.2.5}% 40
\BOOKMARK [4][-]{paragraph.3.2.5.7}{ProcessSpindleSpeed}{subsubsection.3.2.5}% 41
\BOOKMARK [4][-]{paragraph.3.2.5.8}{ToolLife}{subsubsection.3.2.5}% 42
\BOOKMARK [4][-]{paragraph.3.2.5.9}{CutterStatus}{subsubsection.3.2.5}% 43
\BOOKMARK [4][-]{paragraph.3.2.5.10}{CuttingItems}{subsubsection.3.2.5}% 44
\BOOKMARK [4][-]{paragraph.3.2.5.11}{Measurements}{subsubsection.3.2.5}% 45
\BOOKMARK [4][-]{paragraph.3.2.5.12}{ReconditionCount}{subsubsection.3.2.5}% 46
\BOOKMARK [4][-]{paragraph.3.2.5.13}{Location}{subsubsection.3.2.5}% 47
\BOOKMARK [3][-]{subsubsection.3.2.6}{Location}{subsection.3.2}% 48
\BOOKMARK [4][-]{paragraph.3.2.6.1}{negativeOverlap}{subsubsection.3.2.6}% 49
\BOOKMARK [4][-]{paragraph.3.2.6.2}{positiveOverlap}{subsubsection.3.2.6}% 50
\BOOKMARK [4][-]{paragraph.3.2.6.3}{type}{subsubsection.3.2.6}% 51
\BOOKMARK [3][-]{subsubsection.3.2.7}{Measurement}{subsection.3.2}% 52
\BOOKMARK [4][-]{paragraph.3.2.7.1}{code}{subsubsection.3.2.7}% 53
\BOOKMARK [4][-]{paragraph.3.2.7.2}{maximum}{subsubsection.3.2.7}% 54
\BOOKMARK [4][-]{paragraph.3.2.7.3}{minimum}{subsubsection.3.2.7}% 55
\BOOKMARK [4][-]{paragraph.3.2.7.4}{nativeUnits}{subsubsection.3.2.7}% 56
\BOOKMARK [4][-]{paragraph.3.2.7.5}{nominal}{subsubsection.3.2.7}% 57
\BOOKMARK [4][-]{paragraph.3.2.7.6}{significantDigits}{subsubsection.3.2.7}% 58
\BOOKMARK [4][-]{paragraph.3.2.7.7}{units}{subsubsection.3.2.7}% 59
\BOOKMARK [3][-]{subsubsection.3.2.8}{ProcessFeedRate}{subsection.3.2}% 60
\BOOKMARK [4][-]{paragraph.3.2.8.1}{maximum}{subsubsection.3.2.8}% 61
\BOOKMARK [4][-]{paragraph.3.2.8.2}{minimum}{subsubsection.3.2.8}% 62
\BOOKMARK [4][-]{paragraph.3.2.8.3}{nominal}{subsubsection.3.2.8}% 63
\BOOKMARK [3][-]{subsubsection.3.2.9}{ProcessSpindleSpeed}{subsection.3.2}% 64
\BOOKMARK [4][-]{paragraph.3.2.9.1}{maximum}{subsubsection.3.2.9}% 65
\BOOKMARK [4][-]{paragraph.3.2.9.2}{minimum}{subsubsection.3.2.9}% 66
\BOOKMARK [4][-]{paragraph.3.2.9.3}{nominal}{subsubsection.3.2.9}% 67
\BOOKMARK [3][-]{subsubsection.3.2.10}{ReconditionCount}{subsection.3.2}% 68
\BOOKMARK [4][-]{paragraph.3.2.10.1}{maximumCount}{subsubsection.3.2.10}% 69
\BOOKMARK [3][-]{subsubsection.3.2.11}{Status}{subsection.3.2}% 70
\BOOKMARK [4][-]{paragraph.3.2.11.1}{value}{subsubsection.3.2.11}% 71
\BOOKMARK [3][-]{subsubsection.3.2.12}{ToolLife}{subsection.3.2}% 72
\BOOKMARK [4][-]{paragraph.3.2.12.1}{countDirection}{subsubsection.3.2.12}% 73
\BOOKMARK [4][-]{paragraph.3.2.12.2}{initial}{subsubsection.3.2.12}% 74
\BOOKMARK [4][-]{paragraph.3.2.12.3}{limit}{subsubsection.3.2.12}% 75
\BOOKMARK [4][-]{paragraph.3.2.12.4}{warning}{subsubsection.3.2.12}% 76
\BOOKMARK [2][-]{subsection.3.3}{CuttingItemModel}{section.3}% 77
\BOOKMARK [3][-]{subsubsection.3.3.1}{CuttingItem}{subsection.3.3}% 78
\BOOKMARK [4][-]{paragraph.3.3.1.1}{Description}{subsubsection.3.3.1}% 79
\BOOKMARK [4][-]{paragraph.3.3.1.2}{grade}{subsubsection.3.3.1}% 80
\BOOKMARK [4][-]{paragraph.3.3.1.3}{indices}{subsubsection.3.3.1}% 81
\BOOKMARK [4][-]{paragraph.3.3.1.4}{itemId}{subsubsection.3.3.1}% 82
\BOOKMARK [4][-]{paragraph.3.3.1.5}{Locus}{subsubsection.3.3.1}% 83
\BOOKMARK [4][-]{paragraph.3.3.1.6}{manufacturers}{subsubsection.3.3.1}% 84
\BOOKMARK [4][-]{paragraph.3.3.1.7}{ProgramToolGroup}{subsubsection.3.3.1}% 85
\BOOKMARK [4][-]{paragraph.3.3.1.8}{CutterStatus}{subsubsection.3.3.1}% 86
\BOOKMARK [4][-]{paragraph.3.3.1.9}{ItemLife}{subsubsection.3.3.1}% 87
\BOOKMARK [4][-]{paragraph.3.3.1.10}{ItemLife}{subsubsection.3.3.1}% 88
\BOOKMARK [4][-]{paragraph.3.3.1.11}{ItemLife}{subsubsection.3.3.1}% 89
\BOOKMARK [4][-]{paragraph.3.3.1.12}{Measurements}{subsubsection.3.3.1}% 90
\BOOKMARK [3][-]{subsubsection.3.3.2}{ItemLife}{subsection.3.3}% 91
\BOOKMARK [4][-]{paragraph.3.3.2.1}{countDirection}{subsubsection.3.3.2}% 92
\BOOKMARK [4][-]{paragraph.3.3.2.2}{initial}{subsubsection.3.3.2}% 93
\BOOKMARK [4][-]{paragraph.3.3.2.3}{limit}{subsubsection.3.3.2}% 94
\BOOKMARK [4][-]{paragraph.3.3.2.4}{warning}{subsubsection.3.3.2}% 95
\BOOKMARK [1][-]{paragraph.3.3.2.4}{Appendices}{}% 96
\BOOKMARK [2][-]{subsection.Alph0.1}{Bibliography}{paragraph.3.3.2.4}% 97
\BOOKMARK [2][-]{subsection.Alph0.2}{Additional Illustrations}{paragraph.3.3.2.4}% 98
\BOOKMARK [2][-]{subsection.Alph0.3}{Cutting Tool Example}{paragraph.3.3.2.4}% 99
\BOOKMARK [3][-]{subsubsection.Alph0.3.1}{Shell Mill}{subsection.Alph0.3}% 100
\BOOKMARK [3][-]{subsubsection.Alph0.3.2}{Step Drill}{subsection.Alph0.3}% 101
\BOOKMARK [3][-]{subsubsection.Alph0.3.3}{Shell Mill with Individual Loci}{subsection.Alph0.3}% 102
\BOOKMARK [3][-]{subsubsection.Alph0.3.4}{Drill with Individual Loci}{subsection.Alph0.3}% 103
\BOOKMARK [3][-]{subsubsection.Alph0.3.5}{Shell Mill with Different Inserts on First Row}{subsection.Alph0.3}% 104
