\BOOKMARK [1][-]{section.1}{Purpose of This Document}{}% 1
\BOOKMARK [1][-]{section.2}{Terminology and Conventions}{}% 2
\BOOKMARK [2][-]{subsection.2.1}{Glossary}{section.2}% 3
\BOOKMARK [2][-]{subsection.2.2}{Acronyms}{section.2}% 4
\BOOKMARK [2][-]{subsection.2.3}{MTConnect References}{section.2}% 5
\BOOKMARK [1][-]{section.3}{Observations Model}{}% 6
\BOOKMARK [2][-]{subsection.3.1}{Observations}{section.3}% 7
\BOOKMARK [3][-]{subsubsection.3.1.1}{DataSet}{subsection.3.1}% 8
\BOOKMARK [4][-]{paragraph.3.1.1.1}{count}{subsubsection.3.1.1}% 9
\BOOKMARK [4][-]{paragraph.3.1.1.2}{Entry}{subsubsection.3.1.1}% 10
\BOOKMARK [4][-]{paragraph.3.1.1.3}{observationDataSet}{subsubsection.3.1.1}% 11
\BOOKMARK [3][-]{subsubsection.3.1.2}{Discrete}{subsection.3.1}% 12
\BOOKMARK [4][-]{paragraph.3.1.2.1}{observationDiscrete}{subsubsection.3.1.2}% 13
\BOOKMARK [3][-]{subsubsection.3.1.3}{Entry}{subsection.3.1}% 14
\BOOKMARK [4][-]{paragraph.3.1.3.1}{key}{subsubsection.3.1.3}% 15
\BOOKMARK [4][-]{paragraph.3.1.3.2}{removed}{subsubsection.3.1.3}% 16
\BOOKMARK [4][-]{paragraph.3.1.3.3}{Entry}{subsubsection.3.1.3}% 17
\BOOKMARK [4][-]{paragraph.3.1.3.4}{value}{subsubsection.3.1.3}% 18
\BOOKMARK [3][-]{subsubsection.3.1.4}{Observation}{subsection.3.1}% 19
\BOOKMARK [4][-]{paragraph.3.1.4.1}{compositionId}{subsubsection.3.1.4}% 20
\BOOKMARK [4][-]{paragraph.3.1.4.2}{dataItemId}{subsubsection.3.1.4}% 21
\BOOKMARK [4][-]{paragraph.3.1.4.3}{name}{subsubsection.3.1.4}% 22
\BOOKMARK [4][-]{paragraph.3.1.4.4}{sequence}{subsubsection.3.1.4}% 23
\BOOKMARK [4][-]{paragraph.3.1.4.5}{subType}{subsubsection.3.1.4}% 24
\BOOKMARK [4][-]{paragraph.3.1.4.6}{timestamp}{subsubsection.3.1.4}% 25
\BOOKMARK [4][-]{paragraph.3.1.4.7}{type}{subsubsection.3.1.4}% 26
\BOOKMARK [4][-]{paragraph.3.1.4.8}{category}{subsubsection.3.1.4}% 27
\BOOKMARK [4][-]{paragraph.3.1.4.9}{units}{subsubsection.3.1.4}% 28
\BOOKMARK [4][-]{paragraph.3.1.4.10}{isUnavailable}{subsubsection.3.1.4}% 29
\BOOKMARK [4][-]{paragraph.3.1.4.11}{result}{subsubsection.3.1.4}% 30
\BOOKMARK [3][-]{subsubsection.3.1.5}{Condition}{subsection.3.1}% 31
\BOOKMARK [4][-]{paragraph.3.1.5.1}{nativeCode}{subsubsection.3.1.5}% 32
\BOOKMARK [4][-]{paragraph.3.1.5.2}{nativeSeverity}{subsubsection.3.1.5}% 33
\BOOKMARK [4][-]{paragraph.3.1.5.3}{qualifier}{subsubsection.3.1.5}% 34
\BOOKMARK [4][-]{paragraph.3.1.5.4}{statistic}{subsubsection.3.1.5}% 35
\BOOKMARK [4][-]{paragraph.3.1.5.5}{xs:lang}{subsubsection.3.1.5}% 36
\BOOKMARK [4][-]{paragraph.3.1.5.6}{Condition}{subsubsection.3.1.5}% 37
\BOOKMARK [4][-]{paragraph.3.1.5.7}{category}{subsubsection.3.1.5}% 38
\BOOKMARK [3][-]{subsubsection.3.1.6}{Event}{subsection.3.1}% 39
\BOOKMARK [4][-]{paragraph.3.1.6.1}{resetTriggered}{subsubsection.3.1.6}% 40
\BOOKMARK [4][-]{paragraph.3.1.6.2}{Events}{subsubsection.3.1.6}% 41
\BOOKMARK [4][-]{paragraph.3.1.6.3}{category}{subsubsection.3.1.6}% 42
\BOOKMARK [3][-]{subsubsection.3.1.7}{Sample}{subsection.3.1}% 43
\BOOKMARK [4][-]{paragraph.3.1.7.1}{duration}{subsubsection.3.1.7}% 44
\BOOKMARK [4][-]{paragraph.3.1.7.2}{resetTriggered}{subsubsection.3.1.7}% 45
\BOOKMARK [4][-]{paragraph.3.1.7.3}{sampleRate}{subsubsection.3.1.7}% 46
\BOOKMARK [4][-]{paragraph.3.1.7.4}{statistic}{subsubsection.3.1.7}% 47
\BOOKMARK [4][-]{paragraph.3.1.7.5}{Samples}{subsubsection.3.1.7}% 48
\BOOKMARK [4][-]{paragraph.3.1.7.6}{category}{subsubsection.3.1.7}% 49
\BOOKMARK [4][-]{paragraph.3.1.7.7}{units}{subsubsection.3.1.7}% 50
\BOOKMARK [3][-]{subsubsection.3.1.8}{ProtocolStack}{subsection.3.1}% 51
\BOOKMARK [4][-]{paragraph.3.1.8.1}{Condition}{subsubsection.3.1.8}% 52
\BOOKMARK [4][-]{paragraph.3.1.8.2}{Samples}{subsubsection.3.1.8}% 53
\BOOKMARK [4][-]{paragraph.3.1.8.3}{Events}{subsubsection.3.1.8}% 54
\BOOKMARK [3][-]{subsubsection.3.1.9}{TimeSeries}{subsection.3.1}% 55
\BOOKMARK [4][-]{paragraph.3.1.9.1}{sampleCount}{subsubsection.3.1.9}% 56
\BOOKMARK [4][-]{paragraph.3.1.9.2}{observationTimeSeries}{subsubsection.3.1.9}% 57
\BOOKMARK [2][-]{subsection.3.2}{ConditionTypes}{section.3}% 58
\BOOKMARK [3][-]{subsubsection.3.2.1}{Fault}{subsection.3.2}% 59
\BOOKMARK [3][-]{subsubsection.3.2.2}{Normal}{subsection.3.2}% 60
\BOOKMARK [3][-]{subsubsection.3.2.3}{Warning}{subsection.3.2}% 61
\BOOKMARK [2][-]{subsection.3.3}{EventTypes}{section.3}% 62
\BOOKMARK [3][-]{subsubsection.3.3.1}{ActiveAxes}{subsection.3.3}% 63
\BOOKMARK [3][-]{subsubsection.3.3.2}{ActuatorState}{subsection.3.3}% 64
\BOOKMARK [3][-]{subsubsection.3.3.3}{Alarm}{subsection.3.3}% 65
\BOOKMARK [3][-]{subsubsection.3.3.4}{AssetChanged}{subsection.3.3}% 66
\BOOKMARK [3][-]{subsubsection.3.3.5}{AssetRemoved}{subsection.3.3}% 67
\BOOKMARK [3][-]{subsubsection.3.3.6}{Availability}{subsection.3.3}% 68
\BOOKMARK [3][-]{subsubsection.3.3.7}{AxisCoupling}{subsection.3.3}% 69
\BOOKMARK [3][-]{subsubsection.3.3.8}{AxisFeedrateOverride}{subsection.3.3}% 70
\BOOKMARK [3][-]{subsubsection.3.3.9}{AxisInterlock}{subsection.3.3}% 71
\BOOKMARK [3][-]{subsubsection.3.3.10}{AxisState}{subsection.3.3}% 72
\BOOKMARK [3][-]{subsubsection.3.3.11}{Block}{subsection.3.3}% 73
\BOOKMARK [3][-]{subsubsection.3.3.12}{BlockCount}{subsection.3.3}% 74
\BOOKMARK [3][-]{subsubsection.3.3.13}{ChuckInterlock}{subsection.3.3}% 75
\BOOKMARK [3][-]{subsubsection.3.3.14}{ChuckState}{subsection.3.3}% 76
\BOOKMARK [3][-]{subsubsection.3.3.15}{CloseChuck}{subsection.3.3}% 77
\BOOKMARK [3][-]{subsubsection.3.3.16}{CloseDoor}{subsection.3.3}% 78
\BOOKMARK [3][-]{subsubsection.3.3.17}{Code}{subsection.3.3}% 79
\BOOKMARK [3][-]{subsubsection.3.3.18}{CompositionState}{subsection.3.3}% 80
\BOOKMARK [3][-]{subsubsection.3.3.19}{ControllerMode}{subsection.3.3}% 81
\BOOKMARK [3][-]{subsubsection.3.3.20}{ControllerModeOverride}{subsection.3.3}% 82
\BOOKMARK [3][-]{subsubsection.3.3.21}{CoupledAxes}{subsection.3.3}% 83
\BOOKMARK [3][-]{subsubsection.3.3.22}{DateCode}{subsection.3.3}% 84
\BOOKMARK [3][-]{subsubsection.3.3.23}{DeviceUuid}{subsection.3.3}% 85
\BOOKMARK [3][-]{subsubsection.3.3.24}{Direction}{subsection.3.3}% 86
\BOOKMARK [3][-]{subsubsection.3.3.25}{DoorState}{subsection.3.3}% 87
\BOOKMARK [3][-]{subsubsection.3.3.26}{EmergencyStop}{subsection.3.3}% 88
\BOOKMARK [3][-]{subsubsection.3.3.27}{EndOfBar}{subsection.3.3}% 89
\BOOKMARK [3][-]{subsubsection.3.3.28}{EquipmentMode}{subsection.3.3}% 90
\BOOKMARK [3][-]{subsubsection.3.3.29}{Execution}{subsection.3.3}% 91
\BOOKMARK [3][-]{subsubsection.3.3.30}{FunctionalMode}{subsection.3.3}% 92
\BOOKMARK [3][-]{subsubsection.3.3.31}{Hardness}{subsection.3.3}% 93
\BOOKMARK [3][-]{subsubsection.3.3.32}{InterfaceState}{subsection.3.3}% 94
\BOOKMARK [3][-]{subsubsection.3.3.33}{Line}{subsection.3.3}% 95
\BOOKMARK [3][-]{subsubsection.3.3.34}{LineLabel}{subsection.3.3}% 96
\BOOKMARK [3][-]{subsubsection.3.3.35}{LineNumber}{subsection.3.3}% 97
\BOOKMARK [3][-]{subsubsection.3.3.36}{Material}{subsection.3.3}% 98
\BOOKMARK [3][-]{subsubsection.3.3.37}{MaterialChange}{subsection.3.3}% 99
\BOOKMARK [3][-]{subsubsection.3.3.38}{MaterialFeed}{subsection.3.3}% 100
\BOOKMARK [3][-]{subsubsection.3.3.39}{MaterialLayer}{subsection.3.3}% 101
\BOOKMARK [3][-]{subsubsection.3.3.40}{MaterialLoad}{subsection.3.3}% 102
\BOOKMARK [3][-]{subsubsection.3.3.41}{MaterialRetract}{subsection.3.3}% 103
\BOOKMARK [3][-]{subsubsection.3.3.42}{MaterialUnload}{subsection.3.3}% 104
\BOOKMARK [3][-]{subsubsection.3.3.43}{Message}{subsection.3.3}% 105
\BOOKMARK [3][-]{subsubsection.3.3.44}{OpenChuck}{subsection.3.3}% 106
\BOOKMARK [3][-]{subsubsection.3.3.45}{OpenDoor}{subsection.3.3}% 107
\BOOKMARK [3][-]{subsubsection.3.3.46}{OperatorId}{subsection.3.3}% 108
\BOOKMARK [3][-]{subsubsection.3.3.47}{PalletId}{subsection.3.3}% 109
\BOOKMARK [3][-]{subsubsection.3.3.48}{PartChange}{subsection.3.3}% 110
\BOOKMARK [3][-]{subsubsection.3.3.49}{PartCount}{subsection.3.3}% 111
\BOOKMARK [3][-]{subsubsection.3.3.50}{PartDetect}{subsection.3.3}% 112
\BOOKMARK [3][-]{subsubsection.3.3.51}{PartId}{subsection.3.3}% 113
\BOOKMARK [3][-]{subsubsection.3.3.52}{PartNumber}{subsection.3.3}% 114
\BOOKMARK [3][-]{subsubsection.3.3.53}{PathFeedrateOverride}{subsection.3.3}% 115
\BOOKMARK [3][-]{subsubsection.3.3.54}{PathMode}{subsection.3.3}% 116
\BOOKMARK [3][-]{subsubsection.3.3.55}{PowerState}{subsection.3.3}% 117
\BOOKMARK [3][-]{subsubsection.3.3.56}{PowerStatus}{subsection.3.3}% 118
\BOOKMARK [3][-]{subsubsection.3.3.57}{ProcessTime}{subsection.3.3}% 119
\BOOKMARK [3][-]{subsubsection.3.3.58}{Program}{subsection.3.3}% 120
\BOOKMARK [3][-]{subsubsection.3.3.59}{ProgramComment}{subsection.3.3}% 121
\BOOKMARK [3][-]{subsubsection.3.3.60}{ProgramEdit}{subsection.3.3}% 122
\BOOKMARK [3][-]{subsubsection.3.3.61}{ProgramEditName}{subsection.3.3}% 123
\BOOKMARK [3][-]{subsubsection.3.3.62}{ProgramHeader}{subsection.3.3}% 124
\BOOKMARK [3][-]{subsubsection.3.3.63}{ProgramLocation}{subsection.3.3}% 125
\BOOKMARK [3][-]{subsubsection.3.3.64}{ProgramLocationType}{subsection.3.3}% 126
\BOOKMARK [3][-]{subsubsection.3.3.65}{ProgramNestLevel}{subsection.3.3}% 127
\BOOKMARK [3][-]{subsubsection.3.3.66}{RotaryMode}{subsection.3.3}% 128
\BOOKMARK [3][-]{subsubsection.3.3.67}{RotaryVelocityOverride}{subsection.3.3}% 129
\BOOKMARK [3][-]{subsubsection.3.3.68}{SerialNumber}{subsection.3.3}% 130
\BOOKMARK [3][-]{subsubsection.3.3.69}{SpindleInterlock}{subsection.3.3}% 131
\BOOKMARK [3][-]{subsubsection.3.3.70}{ToolAssetId}{subsection.3.3}% 132
\BOOKMARK [3][-]{subsubsection.3.3.71}{ToolGroup}{subsection.3.3}% 133
\BOOKMARK [3][-]{subsubsection.3.3.72}{ToolId}{subsection.3.3}% 134
\BOOKMARK [3][-]{subsubsection.3.3.73}{ToolNumber}{subsection.3.3}% 135
\BOOKMARK [3][-]{subsubsection.3.3.74}{ToolOffset}{subsection.3.3}% 136
\BOOKMARK [3][-]{subsubsection.3.3.75}{User}{subsection.3.3}% 137
\BOOKMARK [3][-]{subsubsection.3.3.76}{Variable}{subsection.3.3}% 138
\BOOKMARK [3][-]{subsubsection.3.3.77}{WaitState}{subsection.3.3}% 139
\BOOKMARK [3][-]{subsubsection.3.3.78}{Wire}{subsection.3.3}% 140
\BOOKMARK [3][-]{subsubsection.3.3.79}{WorkOffset}{subsection.3.3}% 141
\BOOKMARK [3][-]{subsubsection.3.3.80}{WorkholdingId}{subsection.3.3}% 142
\BOOKMARK [2][-]{subsection.3.4}{SampleTypes}{section.3}% 143
\BOOKMARK [3][-]{subsubsection.3.4.1}{Acceleration}{subsection.3.4}% 144
\BOOKMARK [3][-]{subsubsection.3.4.2}{AccumulatedTime}{subsection.3.4}% 145
\BOOKMARK [3][-]{subsubsection.3.4.3}{Amperage}{subsection.3.4}% 146
\BOOKMARK [3][-]{subsubsection.3.4.4}{Angle}{subsection.3.4}% 147
\BOOKMARK [3][-]{subsubsection.3.4.5}{AngularAcceleration}{subsection.3.4}% 148
\BOOKMARK [3][-]{subsubsection.3.4.6}{AngularVelocity}{subsection.3.4}% 149
\BOOKMARK [3][-]{subsubsection.3.4.7}{AxisFeedrate}{subsection.3.4}% 150
\BOOKMARK [3][-]{subsubsection.3.4.8}{CapacityFluid}{subsection.3.4}% 151
\BOOKMARK [3][-]{subsubsection.3.4.9}{CapacitySpatial}{subsection.3.4}% 152
\BOOKMARK [3][-]{subsubsection.3.4.10}{ClockTime}{subsection.3.4}% 153
\BOOKMARK [3][-]{subsubsection.3.4.11}{Concentration}{subsection.3.4}% 154
\BOOKMARK [3][-]{subsubsection.3.4.12}{Conductivity}{subsection.3.4}% 155
\BOOKMARK [3][-]{subsubsection.3.4.13}{CuttingSpeed}{subsection.3.4}% 156
\BOOKMARK [3][-]{subsubsection.3.4.14}{Density}{subsection.3.4}% 157
\BOOKMARK [3][-]{subsubsection.3.4.15}{DepositionAccelerationVolumetric}{subsection.3.4}% 158
\BOOKMARK [3][-]{subsubsection.3.4.16}{DepositionDensity}{subsection.3.4}% 159
\BOOKMARK [3][-]{subsubsection.3.4.17}{DepositionMass}{subsection.3.4}% 160
\BOOKMARK [3][-]{subsubsection.3.4.18}{DepositionRateVolumetric}{subsection.3.4}% 161
\BOOKMARK [3][-]{subsubsection.3.4.19}{DepositionVolume}{subsection.3.4}% 162
\BOOKMARK [3][-]{subsubsection.3.4.20}{Displacement}{subsection.3.4}% 163
\BOOKMARK [3][-]{subsubsection.3.4.21}{ElectricalEnergy}{subsection.3.4}% 164
\BOOKMARK [3][-]{subsubsection.3.4.22}{EquipmentTimer}{subsection.3.4}% 165
\BOOKMARK [3][-]{subsubsection.3.4.23}{FillLevel}{subsection.3.4}% 166
\BOOKMARK [3][-]{subsubsection.3.4.24}{Flow}{subsection.3.4}% 167
\BOOKMARK [3][-]{subsubsection.3.4.25}{Frequency}{subsection.3.4}% 168
\BOOKMARK [3][-]{subsubsection.3.4.26}{GlobalPosition}{subsection.3.4}% 169
\BOOKMARK [3][-]{subsubsection.3.4.27}{Length}{subsection.3.4}% 170
\BOOKMARK [3][-]{subsubsection.3.4.28}{Level}{subsection.3.4}% 171
\BOOKMARK [3][-]{subsubsection.3.4.29}{LinearForce}{subsection.3.4}% 172
\BOOKMARK [3][-]{subsubsection.3.4.30}{Load}{subsection.3.4}% 173
\BOOKMARK [3][-]{subsubsection.3.4.31}{Mass}{subsection.3.4}% 174
\BOOKMARK [3][-]{subsubsection.3.4.32}{PH}{subsection.3.4}% 175
\BOOKMARK [3][-]{subsubsection.3.4.33}{PathFeedrate}{subsection.3.4}% 176
\BOOKMARK [3][-]{subsubsection.3.4.34}{PathFeedratePerRevolution}{subsection.3.4}% 177
\BOOKMARK [3][-]{subsubsection.3.4.35}{PathPosition}{subsection.3.4}% 178
\BOOKMARK [3][-]{subsubsection.3.4.36}{Position}{subsection.3.4}% 179
\BOOKMARK [3][-]{subsubsection.3.4.37}{PowerFactor}{subsection.3.4}% 180
\BOOKMARK [3][-]{subsubsection.3.4.38}{Pressure}{subsection.3.4}% 181
\BOOKMARK [3][-]{subsubsection.3.4.39}{ProcessTimer}{subsection.3.4}% 182
\BOOKMARK [3][-]{subsubsection.3.4.40}{Resistance}{subsection.3.4}% 183
\BOOKMARK [3][-]{subsubsection.3.4.41}{RotaryVelocity}{subsection.3.4}% 184
\BOOKMARK [3][-]{subsubsection.3.4.42}{SoundLevel}{subsection.3.4}% 185
\BOOKMARK [3][-]{subsubsection.3.4.43}{SpindleSpeed}{subsection.3.4}% 186
\BOOKMARK [3][-]{subsubsection.3.4.44}{Strain}{subsection.3.4}% 187
\BOOKMARK [3][-]{subsubsection.3.4.45}{Temperature}{subsection.3.4}% 188
\BOOKMARK [3][-]{subsubsection.3.4.46}{Tension}{subsection.3.4}% 189
\BOOKMARK [3][-]{subsubsection.3.4.47}{Tilt}{subsection.3.4}% 190
\BOOKMARK [3][-]{subsubsection.3.4.48}{Torque}{subsection.3.4}% 191
\BOOKMARK [3][-]{subsubsection.3.4.49}{Velocity}{subsection.3.4}% 192
\BOOKMARK [3][-]{subsubsection.3.4.50}{Viscosity}{subsection.3.4}% 193
\BOOKMARK [3][-]{subsubsection.3.4.51}{VoltAmpere}{subsection.3.4}% 194
\BOOKMARK [3][-]{subsubsection.3.4.52}{VoltAmpereReactive}{subsection.3.4}% 195
\BOOKMARK [3][-]{subsubsection.3.4.53}{Voltage}{subsection.3.4}% 196
\BOOKMARK [3][-]{subsubsection.3.4.54}{VolumeFluid}{subsection.3.4}% 197
\BOOKMARK [3][-]{subsubsection.3.4.55}{VolumeSpatial}{subsection.3.4}% 198
\BOOKMARK [3][-]{subsubsection.3.4.56}{Wattage}{subsection.3.4}% 199
\BOOKMARK [1][-]{table.caption.177}{Appendices}{}% 200
\BOOKMARK [2][-]{subsection.Alph0.1}{Bibliography}{table.caption.177}% 201
